[2.588s] Invoking command in '/home/group1/my_ros_ws/src/motor_ctl': PYTHONPATH=/home/group1/my_ros_ws/build/motor_ctl/prefix_override:/home/group1/my_ros_ws/install/motor_ctl/lib/python3.10/site-packages:${PYTHONPATH} /usr/bin/python3 -W ignore:setup.py install is deprecated setup.py egg_info --egg-base ../../build/motor_ctl build --build-base /home/group1/my_ros_ws/build/motor_ctl/build install --record /home/group1/my_ros_ws/build/motor_ctl/install.log --single-version-externally-managed install_data
[3.635s] running egg_info
[3.638s] writing ../../build/motor_ctl/motor_ctl.egg-info/PKG-INFO
[3.639s] writing dependency_links to ../../build/motor_ctl/motor_ctl.egg-info/dependency_links.txt
[3.639s] writing entry points to ../../build/motor_ctl/motor_ctl.egg-info/entry_points.txt
[3.640s] writing requirements to ../../build/motor_ctl/motor_ctl.egg-info/requires.txt
[3.641s] writing top-level names to ../../build/motor_ctl/motor_ctl.egg-info/top_level.txt
[3.650s] reading manifest file '../../build/motor_ctl/motor_ctl.egg-info/SOURCES.txt'
[3.655s] writing manifest file '../../build/motor_ctl/motor_ctl.egg-info/SOURCES.txt'
[3.655s] running build
[3.656s] running build_py
[3.656s] copying motor_ctl/publisher.py -> /home/group1/my_ros_ws/build/motor_ctl/build/lib/motor_ctl
[3.658s] running install
[3.659s] running install_lib
[3.663s] copying /home/group1/my_ros_ws/build/motor_ctl/build/lib/motor_ctl/publisher.py -> /home/group1/my_ros_ws/install/motor_ctl/lib/python3.10/site-packages/motor_ctl
[3.665s] byte-compiling /home/group1/my_ros_ws/install/motor_ctl/lib/python3.10/site-packages/motor_ctl/publisher.py to publisher.cpython-310.pyc
[3.670s] running install_data
[3.671s] running install_egg_info
[3.677s] removing '/home/group1/my_ros_ws/install/motor_ctl/lib/python3.10/site-packages/motor_ctl-0.0.0-py3.10.egg-info' (and everything under it)
[3.679s] Copying ../../build/motor_ctl/motor_ctl.egg-info to /home/group1/my_ros_ws/install/motor_ctl/lib/python3.10/site-packages/motor_ctl-0.0.0-py3.10.egg-info
[3.684s] running install_scripts
[3.763s] Installing publisher script to /home/group1/my_ros_ws/install/motor_ctl/lib/motor_ctl
[3.764s] Installing subscriber script to /home/group1/my_ros_ws/install/motor_ctl/lib/motor_ctl
[3.766s] writing list of installed files to '/home/group1/my_ros_ws/build/motor_ctl/install.log'
[3.884s] Invoked command in '/home/group1/my_ros_ws/src/motor_ctl' returned '0': PYTHONPATH=/home/group1/my_ros_ws/build/motor_ctl/prefix_override:/home/group1/my_ros_ws/install/motor_ctl/lib/python3.10/site-packages:${PYTHONPATH} /usr/bin/python3 -W ignore:setup.py install is deprecated setup.py egg_info --egg-base ../../build/motor_ctl build --build-base /home/group1/my_ros_ws/build/motor_ctl/build install --record /home/group1/my_ros_ws/build/motor_ctl/install.log --single-version-externally-managed install_data
