[4.201s] Invoking command in '/home/group1/my_ros_ws/src/motor_ctl': PYTHONPATH=/home/group1/my_ros_ws/build/motor_ctl/prefix_override:/home/group1/my_ros_ws/install/motor_ctl/lib/python3.10/site-packages:${PYTHONPATH} /usr/bin/python3 -W ignore:setup.py install is deprecated setup.py egg_info --egg-base ../../build/motor_ctl build --build-base /home/group1/my_ros_ws/build/motor_ctl/build install --record /home/group1/my_ros_ws/build/motor_ctl/install.log --single-version-externally-managed install_data
[5.309s] running egg_info
[5.311s] writing ../../build/motor_ctl/motor_ctl.egg-info/PKG-INFO
[5.312s] writing dependency_links to ../../build/motor_ctl/motor_ctl.egg-info/dependency_links.txt
[5.314s] writing entry points to ../../build/motor_ctl/motor_ctl.egg-info/entry_points.txt
[5.315s] writing requirements to ../../build/motor_ctl/motor_ctl.egg-info/requires.txt
[5.315s] writing top-level names to ../../build/motor_ctl/motor_ctl.egg-info/top_level.txt
[5.323s] reading manifest file '../../build/motor_ctl/motor_ctl.egg-info/SOURCES.txt'
[5.327s] writing manifest file '../../build/motor_ctl/motor_ctl.egg-info/SOURCES.txt'
[5.327s] running build
[5.328s] running build_py
[5.328s] copying motor_ctl/subscriber.py -> /home/group1/my_ros_ws/build/motor_ctl/build/lib/motor_ctl
[5.330s] running install
[5.331s] running install_lib
[5.337s] copying /home/group1/my_ros_ws/build/motor_ctl/build/lib/motor_ctl/subscriber.py -> /home/group1/my_ros_ws/install/motor_ctl/lib/python3.10/site-packages/motor_ctl
[5.341s] byte-compiling /home/group1/my_ros_ws/install/motor_ctl/lib/python3.10/site-packages/motor_ctl/subscriber.py to subscriber.cpython-310.pyc
[5.346s] running install_data
[5.346s] running install_egg_info
[5.353s] removing '/home/group1/my_ros_ws/install/motor_ctl/lib/python3.10/site-packages/motor_ctl-0.0.0-py3.10.egg-info' (and everything under it)
[5.354s] Copying ../../build/motor_ctl/motor_ctl.egg-info to /home/group1/my_ros_ws/install/motor_ctl/lib/python3.10/site-packages/motor_ctl-0.0.0-py3.10.egg-info
[5.360s] running install_scripts
[5.438s] Installing publisher script to /home/group1/my_ros_ws/install/motor_ctl/lib/motor_ctl
[5.440s] Installing subscriber script to /home/group1/my_ros_ws/install/motor_ctl/lib/motor_ctl
[5.441s] writing list of installed files to '/home/group1/my_ros_ws/build/motor_ctl/install.log'
[5.560s] Invoked command in '/home/group1/my_ros_ws/src/motor_ctl' returned '0': PYTHONPATH=/home/group1/my_ros_ws/build/motor_ctl/prefix_override:/home/group1/my_ros_ws/install/motor_ctl/lib/python3.10/site-packages:${PYTHONPATH} /usr/bin/python3 -W ignore:setup.py install is deprecated setup.py egg_info --egg-base ../../build/motor_ctl build --build-base /home/group1/my_ros_ws/build/motor_ctl/build install --record /home/group1/my_ros_ws/build/motor_ctl/install.log --single-version-externally-managed install_data
