/home/group1/my_ros_ws/install/dynamixel_python/lib/python3.10/site-packages/dynamixel_python/__main__.py
/home/group1/my_ros_ws/install/dynamixel_python/lib/python3.10/site-packages/dynamixel_python/__init__.py
/home/group1/my_ros_ws/install/dynamixel_python/lib/python3.10/site-packages/dynamixel_python/web_scraper/get_model_list.py
/home/group1/my_ros_ws/install/dynamixel_python/lib/python3.10/site-packages/dynamixel_python/web_scraper/get_ctrl_table.py
/home/group1/my_ros_ws/install/dynamixel_python/lib/python3.10/site-packages/dynamixel_python/web_scraper/get_all_ctrl_tables.py
/home/group1/my_ros_ws/install/dynamixel_python/lib/python3.10/site-packages/dynamixel_python/web_scraper/__init__.py
/home/group1/my_ros_ws/install/dynamixel_python/lib/python3.10/site-packages/dynamixel_python/control_tables/2xc430-w250.json
/home/group1/my_ros_ws/install/dynamixel_python/lib/python3.10/site-packages/dynamixel_python/control_tables/2xl430-w250.json
/home/group1/my_ros_ws/install/dynamixel_python/lib/python3.10/site-packages/dynamixel_python/control_tables/ax-12a.json
/home/group1/my_ros_ws/install/dynamixel_python/lib/python3.10/site-packages/dynamixel_python/control_tables/ax-12w.json
/home/group1/my_ros_ws/install/dynamixel_python/lib/python3.10/site-packages/dynamixel_python/control_tables/ax-18a.json
/home/group1/my_ros_ws/install/dynamixel_python/lib/python3.10/site-packages/dynamixel_python/control_tables/dx-113.json
/home/group1/my_ros_ws/install/dynamixel_python/lib/python3.10/site-packages/dynamixel_python/control_tables/dx-116.json
/home/group1/my_ros_ws/install/dynamixel_python/lib/python3.10/site-packages/dynamixel_python/control_tables/dx-117.json
/home/group1/my_ros_ws/install/dynamixel_python/lib/python3.10/site-packages/dynamixel_python/control_tables/ex-106+.json
/home/group1/my_ros_ws/install/dynamixel_python/lib/python3.10/site-packages/dynamixel_python/control_tables/h42-20-s300-r.json
/home/group1/my_ros_ws/install/dynamixel_python/lib/python3.10/site-packages/dynamixel_python/control_tables/h54-100-s500-r.json
/home/group1/my_ros_ws/install/dynamixel_python/lib/python3.10/site-packages/dynamixel_python/control_tables/h54-200-s500-r.json
/home/group1/my_ros_ws/install/dynamixel_python/lib/python3.10/site-packages/dynamixel_python/control_tables/l42-10-s300-r.json
/home/group1/my_ros_ws/install/dynamixel_python/lib/python3.10/site-packages/dynamixel_python/control_tables/l54-30-s400-r.json
/home/group1/my_ros_ws/install/dynamixel_python/lib/python3.10/site-packages/dynamixel_python/control_tables/l54-30-s500-r.json
/home/group1/my_ros_ws/install/dynamixel_python/lib/python3.10/site-packages/dynamixel_python/control_tables/l54-50-s290-r.json
/home/group1/my_ros_ws/install/dynamixel_python/lib/python3.10/site-packages/dynamixel_python/control_tables/l54-50-s500-r.json
/home/group1/my_ros_ws/install/dynamixel_python/lib/python3.10/site-packages/dynamixel_python/control_tables/m42-10-s260-r.json
/home/group1/my_ros_ws/install/dynamixel_python/lib/python3.10/site-packages/dynamixel_python/control_tables/m54-40-s250-r.json
/home/group1/my_ros_ws/install/dynamixel_python/lib/python3.10/site-packages/dynamixel_python/control_tables/m54-60-s250-r.json
/home/group1/my_ros_ws/install/dynamixel_python/lib/python3.10/site-packages/dynamixel_python/control_tables/mx-106.json
/home/group1/my_ros_ws/install/dynamixel_python/lib/python3.10/site-packages/dynamixel_python/control_tables/mx-12w.json
/home/group1/my_ros_ws/install/dynamixel_python/lib/python3.10/site-packages/dynamixel_python/control_tables/mx-28.json
/home/group1/my_ros_ws/install/dynamixel_python/lib/python3.10/site-packages/dynamixel_python/control_tables/mx-64.json
/home/group1/my_ros_ws/install/dynamixel_python/lib/python3.10/site-packages/dynamixel_python/control_tables/ph54-100-s500-r.json
/home/group1/my_ros_ws/install/dynamixel_python/lib/python3.10/site-packages/dynamixel_python/control_tables/pm42-010-s260-r.json
/home/group1/my_ros_ws/install/dynamixel_python/lib/python3.10/site-packages/dynamixel_python/control_tables/pm54-040-s250-r.json
/home/group1/my_ros_ws/install/dynamixel_python/lib/python3.10/site-packages/dynamixel_python/control_tables/pm54-060-s250-r.json
/home/group1/my_ros_ws/install/dynamixel_python/lib/python3.10/site-packages/dynamixel_python/control_tables/rx-10.json
/home/group1/my_ros_ws/install/dynamixel_python/lib/python3.10/site-packages/dynamixel_python/control_tables/rx-24f.json
/home/group1/my_ros_ws/install/dynamixel_python/lib/python3.10/site-packages/dynamixel_python/control_tables/rx-28.json
/home/group1/my_ros_ws/install/dynamixel_python/lib/python3.10/site-packages/dynamixel_python/control_tables/rx-64.json
/home/group1/my_ros_ws/install/dynamixel_python/lib/python3.10/site-packages/dynamixel_python/control_tables/xc430-w150.json
/home/group1/my_ros_ws/install/dynamixel_python/lib/python3.10/site-packages/dynamixel_python/control_tables/xc430-w240.json
/home/group1/my_ros_ws/install/dynamixel_python/lib/python3.10/site-packages/dynamixel_python/control_tables/xd430-t350.json
/home/group1/my_ros_ws/install/dynamixel_python/lib/python3.10/site-packages/dynamixel_python/control_tables/xd540-t150.json
/home/group1/my_ros_ws/install/dynamixel_python/lib/python3.10/site-packages/dynamixel_python/control_tables/xd540-t270.json
/home/group1/my_ros_ws/install/dynamixel_python/lib/python3.10/site-packages/dynamixel_python/control_tables/xh430-v210.json
/home/group1/my_ros_ws/install/dynamixel_python/lib/python3.10/site-packages/dynamixel_python/control_tables/xh430-v350.json
/home/group1/my_ros_ws/install/dynamixel_python/lib/python3.10/site-packages/dynamixel_python/control_tables/xh430-w210.json
/home/group1/my_ros_ws/install/dynamixel_python/lib/python3.10/site-packages/dynamixel_python/control_tables/xh430-w350.json
/home/group1/my_ros_ws/install/dynamixel_python/lib/python3.10/site-packages/dynamixel_python/control_tables/xh540-v150.json
/home/group1/my_ros_ws/install/dynamixel_python/lib/python3.10/site-packages/dynamixel_python/control_tables/xh540-v270.json
/home/group1/my_ros_ws/install/dynamixel_python/lib/python3.10/site-packages/dynamixel_python/control_tables/xh540-w150.json
/home/group1/my_ros_ws/install/dynamixel_python/lib/python3.10/site-packages/dynamixel_python/control_tables/xh540-w270.json
/home/group1/my_ros_ws/install/dynamixel_python/lib/python3.10/site-packages/dynamixel_python/control_tables/xl320.json
/home/group1/my_ros_ws/install/dynamixel_python/lib/python3.10/site-packages/dynamixel_python/control_tables/xl330-m077.json
/home/group1/my_ros_ws/install/dynamixel_python/lib/python3.10/site-packages/dynamixel_python/control_tables/xl330-m288.json
/home/group1/my_ros_ws/install/dynamixel_python/lib/python3.10/site-packages/dynamixel_python/control_tables/xl430-w250.json
/home/group1/my_ros_ws/install/dynamixel_python/lib/python3.10/site-packages/dynamixel_python/control_tables/xm430-w210.json
/home/group1/my_ros_ws/install/dynamixel_python/lib/python3.10/site-packages/dynamixel_python/control_tables/xm430-w350.json
/home/group1/my_ros_ws/install/dynamixel_python/lib/python3.10/site-packages/dynamixel_python/control_tables/xm540-w150.json
/home/group1/my_ros_ws/install/dynamixel_python/lib/python3.10/site-packages/dynamixel_python/control_tables/xm540-w270.json
/home/group1/my_ros_ws/install/dynamixel_python/lib/python3.10/site-packages/dynamixel_python/control_tables/xw430-t200.json
/home/group1/my_ros_ws/install/dynamixel_python/lib/python3.10/site-packages/dynamixel_python/control_tables/xw430-t333.json
/home/group1/my_ros_ws/install/dynamixel_python/lib/python3.10/site-packages/dynamixel_python/control_tables/xw540-t140.json
/home/group1/my_ros_ws/install/dynamixel_python/lib/python3.10/site-packages/dynamixel_python/control_tables/xw540-t260.json
/home/group1/my_ros_ws/install/dynamixel_python/lib/python3.10/site-packages/dynamixel_python/__pycache__/__main__.cpython-310.pyc
/home/group1/my_ros_ws/install/dynamixel_python/lib/python3.10/site-packages/dynamixel_python/__pycache__/__init__.cpython-310.pyc
/home/group1/my_ros_ws/install/dynamixel_python/lib/python3.10/site-packages/dynamixel_python/web_scraper/__pycache__/get_model_list.cpython-310.pyc
/home/group1/my_ros_ws/install/dynamixel_python/lib/python3.10/site-packages/dynamixel_python/web_scraper/__pycache__/get_ctrl_table.cpython-310.pyc
/home/group1/my_ros_ws/install/dynamixel_python/lib/python3.10/site-packages/dynamixel_python/web_scraper/__pycache__/get_all_ctrl_tables.cpython-310.pyc
/home/group1/my_ros_ws/install/dynamixel_python/lib/python3.10/site-packages/dynamixel_python/web_scraper/__pycache__/__init__.cpython-310.pyc
/home/group1/my_ros_ws/install/dynamixel_python/lib/python3.10/site-packages/dynamixel_python-0.0.1-py3.10.egg-info/dependency_links.txt
/home/group1/my_ros_ws/install/dynamixel_python/lib/python3.10/site-packages/dynamixel_python-0.0.1-py3.10.egg-info/SOURCES.txt
/home/group1/my_ros_ws/install/dynamixel_python/lib/python3.10/site-packages/dynamixel_python-0.0.1-py3.10.egg-info/top_level.txt
/home/group1/my_ros_ws/install/dynamixel_python/lib/python3.10/site-packages/dynamixel_python-0.0.1-py3.10.egg-info/requires.txt
/home/group1/my_ros_ws/install/dynamixel_python/lib/python3.10/site-packages/dynamixel_python-0.0.1-py3.10.egg-info/PKG-INFO
