running egg_info
creating ../../build/motor_ctl/motor_ctl.egg-info
writing ../../build/motor_ctl/motor_ctl.egg-info/PKG-INFO
writing dependency_links to ../../build/motor_ctl/motor_ctl.egg-info/dependency_links.txt
writing entry points to ../../build/motor_ctl/motor_ctl.egg-info/entry_points.txt
writing requirements to ../../build/motor_ctl/motor_ctl.egg-info/requires.txt
writing top-level names to ../../build/motor_ctl/motor_ctl.egg-info/top_level.txt
writing manifest file '../../build/motor_ctl/motor_ctl.egg-info/SOURCES.txt'
reading manifest file '../../build/motor_ctl/motor_ctl.egg-info/SOURCES.txt'
writing manifest file '../../build/motor_ctl/motor_ctl.egg-info/SOURCES.txt'
running build
running build_py
creating /home/group1/my_ros_ws/build/motor_ctl/build
creating /home/group1/my_ros_ws/build/motor_ctl/build/lib
creating /home/group1/my_ros_ws/build/motor_ctl/build/lib/motor_ctl
copying motor_ctl/__init__.py -> /home/group1/my_ros_ws/build/motor_ctl/build/lib/motor_ctl
copying motor_ctl/subscriber.py -> /home/group1/my_ros_ws/build/motor_ctl/build/lib/motor_ctl
running install
running install_lib
creating /home/group1/my_ros_ws/install/motor_ctl/lib/python3.10/site-packages/motor_ctl
copying /home/group1/my_ros_ws/build/motor_ctl/build/lib/motor_ctl/__init__.py -> /home/group1/my_ros_ws/install/motor_ctl/lib/python3.10/site-packages/motor_ctl
copying /home/group1/my_ros_ws/build/motor_ctl/build/lib/motor_ctl/subscriber.py -> /home/group1/my_ros_ws/install/motor_ctl/lib/python3.10/site-packages/motor_ctl
byte-compiling /home/group1/my_ros_ws/install/motor_ctl/lib/python3.10/site-packages/motor_ctl/__init__.py to __init__.cpython-310.pyc
byte-compiling /home/group1/my_ros_ws/install/motor_ctl/lib/python3.10/site-packages/motor_ctl/subscriber.py to subscriber.cpython-310.pyc
running install_data
creating /home/group1/my_ros_ws/install/motor_ctl/share/ament_index
creating /home/group1/my_ros_ws/install/motor_ctl/share/ament_index/resource_index
creating /home/group1/my_ros_ws/install/motor_ctl/share/ament_index/resource_index/packages
copying resource/motor_ctl -> /home/group1/my_ros_ws/install/motor_ctl/share/ament_index/resource_index/packages
copying package.xml -> /home/group1/my_ros_ws/install/motor_ctl/share/motor_ctl
running install_egg_info
Copying ../../build/motor_ctl/motor_ctl.egg-info to /home/group1/my_ros_ws/install/motor_ctl/lib/python3.10/site-packages/motor_ctl-0.0.0-py3.10.egg-info
running install_scripts
Installing subscriber script to /home/group1/my_ros_ws/install/motor_ctl/lib/motor_ctl
writing list of installed files to '/home/group1/my_ros_ws/build/motor_ctl/install.log'
