[4.186s] Invoking command in '/home/group1/my_ros_ws/src/motor_ctl': PYTHONPATH=/home/group1/my_ros_ws/build/motor_ctl/prefix_override:/home/group1/my_ros_ws/install/motor_ctl/lib/python3.10/site-packages:${PYTHONPATH} /usr/bin/python3 -W ignore:setup.py install is deprecated setup.py egg_info --egg-base ../../build/motor_ctl build --build-base /home/group1/my_ros_ws/build/motor_ctl/build install --record /home/group1/my_ros_ws/build/motor_ctl/install.log --single-version-externally-managed install_data
[5.298s] running egg_info
[5.301s] writing ../../build/motor_ctl/motor_ctl.egg-info/PKG-INFO
[5.302s] writing dependency_links to ../../build/motor_ctl/motor_ctl.egg-info/dependency_links.txt
[5.303s] writing entry points to ../../build/motor_ctl/motor_ctl.egg-info/entry_points.txt
[5.304s] writing requirements to ../../build/motor_ctl/motor_ctl.egg-info/requires.txt
[5.305s] writing top-level names to ../../build/motor_ctl/motor_ctl.egg-info/top_level.txt
[5.313s] reading manifest file '../../build/motor_ctl/motor_ctl.egg-info/SOURCES.txt'
[5.316s] writing manifest file '../../build/motor_ctl/motor_ctl.egg-info/SOURCES.txt'
[5.317s] running build
[5.317s] running build_py
[5.318s] copying motor_ctl/publisher.py -> /home/group1/my_ros_ws/build/motor_ctl/build/lib/motor_ctl
[5.320s] running install
[5.321s] running install_lib
[5.326s] copying /home/group1/my_ros_ws/build/motor_ctl/build/lib/motor_ctl/publisher.py -> /home/group1/my_ros_ws/install/motor_ctl/lib/python3.10/site-packages/motor_ctl
[5.330s] byte-compiling /home/group1/my_ros_ws/install/motor_ctl/lib/python3.10/site-packages/motor_ctl/publisher.py to publisher.cpython-310.pyc
[5.335s] running install_data
[5.336s] running install_egg_info
[5.343s] removing '/home/group1/my_ros_ws/install/motor_ctl/lib/python3.10/site-packages/motor_ctl-0.0.0-py3.10.egg-info' (and everything under it)
[5.345s] Copying ../../build/motor_ctl/motor_ctl.egg-info to /home/group1/my_ros_ws/install/motor_ctl/lib/python3.10/site-packages/motor_ctl-0.0.0-py3.10.egg-info
[5.350s] running install_scripts
[5.429s] Installing publisher script to /home/group1/my_ros_ws/install/motor_ctl/lib/motor_ctl
[5.430s] Installing subscriber script to /home/group1/my_ros_ws/install/motor_ctl/lib/motor_ctl
[5.431s] writing list of installed files to '/home/group1/my_ros_ws/build/motor_ctl/install.log'
[5.552s] Invoked command in '/home/group1/my_ros_ws/src/motor_ctl' returned '0': PYTHONPATH=/home/group1/my_ros_ws/build/motor_ctl/prefix_override:/home/group1/my_ros_ws/install/motor_ctl/lib/python3.10/site-packages:${PYTHONPATH} /usr/bin/python3 -W ignore:setup.py install is deprecated setup.py egg_info --egg-base ../../build/motor_ctl build --build-base /home/group1/my_ros_ws/build/motor_ctl/build install --record /home/group1/my_ros_ws/build/motor_ctl/install.log --single-version-externally-managed install_data
