running egg_info
writing ../../build/motor_ctl/motor_ctl.egg-info/PKG-INFO
writing dependency_links to ../../build/motor_ctl/motor_ctl.egg-info/dependency_links.txt
writing entry points to ../../build/motor_ctl/motor_ctl.egg-info/entry_points.txt
writing requirements to ../../build/motor_ctl/motor_ctl.egg-info/requires.txt
writing top-level names to ../../build/motor_ctl/motor_ctl.egg-info/top_level.txt
reading manifest file '../../build/motor_ctl/motor_ctl.egg-info/SOURCES.txt'
writing manifest file '../../build/motor_ctl/motor_ctl.egg-info/SOURCES.txt'
running build
running build_py
copying motor_ctl/subscriber.py -> /home/group1/my_ros_ws/build/motor_ctl/build/lib/motor_ctl
creating /home/group1/my_ros_ws/build/motor_ctl/build/lib/motor_ctl/dynamixel_python
copying motor_ctl/dynamixel_python/__main__.py -> /home/group1/my_ros_ws/build/motor_ctl/build/lib/motor_ctl/dynamixel_python
copying motor_ctl/dynamixel_python/__init__.py -> /home/group1/my_ros_ws/build/motor_ctl/build/lib/motor_ctl/dynamixel_python
creating /home/group1/my_ros_ws/build/motor_ctl/build/lib/motor_ctl/dynamixel_python/web_scraper
copying motor_ctl/dynamixel_python/web_scraper/get_model_list.py -> /home/group1/my_ros_ws/build/motor_ctl/build/lib/motor_ctl/dynamixel_python/web_scraper
copying motor_ctl/dynamixel_python/web_scraper/get_ctrl_table.py -> /home/group1/my_ros_ws/build/motor_ctl/build/lib/motor_ctl/dynamixel_python/web_scraper
copying motor_ctl/dynamixel_python/web_scraper/get_all_ctrl_tables.py -> /home/group1/my_ros_ws/build/motor_ctl/build/lib/motor_ctl/dynamixel_python/web_scraper
copying motor_ctl/dynamixel_python/web_scraper/__init__.py -> /home/group1/my_ros_ws/build/motor_ctl/build/lib/motor_ctl/dynamixel_python/web_scraper
running install
running install_lib
creating /home/group1/my_ros_ws/install/motor_ctl/lib/python3.10/site-packages/motor_ctl/dynamixel_python
copying /home/group1/my_ros_ws/build/motor_ctl/build/lib/motor_ctl/dynamixel_python/__main__.py -> /home/group1/my_ros_ws/install/motor_ctl/lib/python3.10/site-packages/motor_ctl/dynamixel_python
copying /home/group1/my_ros_ws/build/motor_ctl/build/lib/motor_ctl/dynamixel_python/__init__.py -> /home/group1/my_ros_ws/install/motor_ctl/lib/python3.10/site-packages/motor_ctl/dynamixel_python
creating /home/group1/my_ros_ws/install/motor_ctl/lib/python3.10/site-packages/motor_ctl/dynamixel_python/web_scraper
copying /home/group1/my_ros_ws/build/motor_ctl/build/lib/motor_ctl/dynamixel_python/web_scraper/get_model_list.py -> /home/group1/my_ros_ws/install/motor_ctl/lib/python3.10/site-packages/motor_ctl/dynamixel_python/web_scraper
copying /home/group1/my_ros_ws/build/motor_ctl/build/lib/motor_ctl/dynamixel_python/web_scraper/get_ctrl_table.py -> /home/group1/my_ros_ws/install/motor_ctl/lib/python3.10/site-packages/motor_ctl/dynamixel_python/web_scraper
copying /home/group1/my_ros_ws/build/motor_ctl/build/lib/motor_ctl/dynamixel_python/web_scraper/get_all_ctrl_tables.py -> /home/group1/my_ros_ws/install/motor_ctl/lib/python3.10/site-packages/motor_ctl/dynamixel_python/web_scraper
copying /home/group1/my_ros_ws/build/motor_ctl/build/lib/motor_ctl/dynamixel_python/web_scraper/__init__.py -> /home/group1/my_ros_ws/install/motor_ctl/lib/python3.10/site-packages/motor_ctl/dynamixel_python/web_scraper
copying /home/group1/my_ros_ws/build/motor_ctl/build/lib/motor_ctl/subscriber.py -> /home/group1/my_ros_ws/install/motor_ctl/lib/python3.10/site-packages/motor_ctl
byte-compiling /home/group1/my_ros_ws/install/motor_ctl/lib/python3.10/site-packages/motor_ctl/dynamixel_python/__main__.py to __main__.cpython-310.pyc
byte-compiling /home/group1/my_ros_ws/install/motor_ctl/lib/python3.10/site-packages/motor_ctl/dynamixel_python/__init__.py to __init__.cpython-310.pyc
byte-compiling /home/group1/my_ros_ws/install/motor_ctl/lib/python3.10/site-packages/motor_ctl/dynamixel_python/web_scraper/get_model_list.py to get_model_list.cpython-310.pyc
byte-compiling /home/group1/my_ros_ws/install/motor_ctl/lib/python3.10/site-packages/motor_ctl/dynamixel_python/web_scraper/get_ctrl_table.py to get_ctrl_table.cpython-310.pyc
byte-compiling /home/group1/my_ros_ws/install/motor_ctl/lib/python3.10/site-packages/motor_ctl/dynamixel_python/web_scraper/get_all_ctrl_tables.py to get_all_ctrl_tables.cpython-310.pyc
byte-compiling /home/group1/my_ros_ws/install/motor_ctl/lib/python3.10/site-packages/motor_ctl/dynamixel_python/web_scraper/__init__.py to __init__.cpython-310.pyc
byte-compiling /home/group1/my_ros_ws/install/motor_ctl/lib/python3.10/site-packages/motor_ctl/subscriber.py to subscriber.cpython-310.pyc
running install_data
running install_egg_info
removing '/home/group1/my_ros_ws/install/motor_ctl/lib/python3.10/site-packages/motor_ctl-0.0.0-py3.10.egg-info' (and everything under it)
Copying ../../build/motor_ctl/motor_ctl.egg-info to /home/group1/my_ros_ws/install/motor_ctl/lib/python3.10/site-packages/motor_ctl-0.0.0-py3.10.egg-info
running install_scripts
Installing publisher script to /home/group1/my_ros_ws/install/motor_ctl/lib/motor_ctl
Installing subscriber script to /home/group1/my_ros_ws/install/motor_ctl/lib/motor_ctl
writing list of installed files to '/home/group1/my_ros_ws/build/motor_ctl/install.log'
