[4.111s] Invoking command in '/home/group1/my_ros_ws/src/motor_ctl': PYTHONPATH=/home/group1/my_ros_ws/build/motor_ctl/prefix_override:/home/group1/my_ros_ws/install/motor_ctl/lib/python3.10/site-packages:${PYTHONPATH} /usr/bin/python3 -W ignore:setup.py install is deprecated setup.py egg_info --egg-base ../../build/motor_ctl build --build-base /home/group1/my_ros_ws/build/motor_ctl/build install --record /home/group1/my_ros_ws/build/motor_ctl/install.log --single-version-externally-managed install_data
[5.213s] running egg_info
[5.215s] writing ../../build/motor_ctl/motor_ctl.egg-info/PKG-INFO
[5.216s] writing dependency_links to ../../build/motor_ctl/motor_ctl.egg-info/dependency_links.txt
[5.218s] writing entry points to ../../build/motor_ctl/motor_ctl.egg-info/entry_points.txt
[5.219s] writing requirements to ../../build/motor_ctl/motor_ctl.egg-info/requires.txt
[5.220s] writing top-level names to ../../build/motor_ctl/motor_ctl.egg-info/top_level.txt
[5.228s] reading manifest file '../../build/motor_ctl/motor_ctl.egg-info/SOURCES.txt'
[5.232s] writing manifest file '../../build/motor_ctl/motor_ctl.egg-info/SOURCES.txt'
[5.233s] running build
[5.233s] running build_py
[5.234s] copying motor_ctl/subscriber.py -> /home/group1/my_ros_ws/build/motor_ctl/build/lib/motor_ctl
[5.236s] creating /home/group1/my_ros_ws/build/motor_ctl/build/lib/motor_ctl/dynamixel_python
[5.236s] copying motor_ctl/dynamixel_python/__main__.py -> /home/group1/my_ros_ws/build/motor_ctl/build/lib/motor_ctl/dynamixel_python
[5.237s] copying motor_ctl/dynamixel_python/__init__.py -> /home/group1/my_ros_ws/build/motor_ctl/build/lib/motor_ctl/dynamixel_python
[5.238s] creating /home/group1/my_ros_ws/build/motor_ctl/build/lib/motor_ctl/dynamixel_python/web_scraper
[5.238s] copying motor_ctl/dynamixel_python/web_scraper/get_model_list.py -> /home/group1/my_ros_ws/build/motor_ctl/build/lib/motor_ctl/dynamixel_python/web_scraper
[5.239s] copying motor_ctl/dynamixel_python/web_scraper/get_ctrl_table.py -> /home/group1/my_ros_ws/build/motor_ctl/build/lib/motor_ctl/dynamixel_python/web_scraper
[5.240s] copying motor_ctl/dynamixel_python/web_scraper/get_all_ctrl_tables.py -> /home/group1/my_ros_ws/build/motor_ctl/build/lib/motor_ctl/dynamixel_python/web_scraper
[5.241s] copying motor_ctl/dynamixel_python/web_scraper/__init__.py -> /home/group1/my_ros_ws/build/motor_ctl/build/lib/motor_ctl/dynamixel_python/web_scraper
[5.244s] running install
[5.245s] running install_lib
[5.248s] creating /home/group1/my_ros_ws/install/motor_ctl/lib/python3.10/site-packages/motor_ctl/dynamixel_python
[5.249s] copying /home/group1/my_ros_ws/build/motor_ctl/build/lib/motor_ctl/dynamixel_python/__main__.py -> /home/group1/my_ros_ws/install/motor_ctl/lib/python3.10/site-packages/motor_ctl/dynamixel_python
[5.249s] copying /home/group1/my_ros_ws/build/motor_ctl/build/lib/motor_ctl/dynamixel_python/__init__.py -> /home/group1/my_ros_ws/install/motor_ctl/lib/python3.10/site-packages/motor_ctl/dynamixel_python
[5.250s] creating /home/group1/my_ros_ws/install/motor_ctl/lib/python3.10/site-packages/motor_ctl/dynamixel_python/web_scraper
[5.251s] copying /home/group1/my_ros_ws/build/motor_ctl/build/lib/motor_ctl/dynamixel_python/web_scraper/get_model_list.py -> /home/group1/my_ros_ws/install/motor_ctl/lib/python3.10/site-packages/motor_ctl/dynamixel_python/web_scraper
[5.252s] copying /home/group1/my_ros_ws/build/motor_ctl/build/lib/motor_ctl/dynamixel_python/web_scraper/get_ctrl_table.py -> /home/group1/my_ros_ws/install/motor_ctl/lib/python3.10/site-packages/motor_ctl/dynamixel_python/web_scraper
[5.253s] copying /home/group1/my_ros_ws/build/motor_ctl/build/lib/motor_ctl/dynamixel_python/web_scraper/get_all_ctrl_tables.py -> /home/group1/my_ros_ws/install/motor_ctl/lib/python3.10/site-packages/motor_ctl/dynamixel_python/web_scraper
[5.254s] copying /home/group1/my_ros_ws/build/motor_ctl/build/lib/motor_ctl/dynamixel_python/web_scraper/__init__.py -> /home/group1/my_ros_ws/install/motor_ctl/lib/python3.10/site-packages/motor_ctl/dynamixel_python/web_scraper
[5.255s] copying /home/group1/my_ros_ws/build/motor_ctl/build/lib/motor_ctl/subscriber.py -> /home/group1/my_ros_ws/install/motor_ctl/lib/python3.10/site-packages/motor_ctl
[5.258s] byte-compiling /home/group1/my_ros_ws/install/motor_ctl/lib/python3.10/site-packages/motor_ctl/dynamixel_python/__main__.py to __main__.cpython-310.pyc
[5.263s] byte-compiling /home/group1/my_ros_ws/install/motor_ctl/lib/python3.10/site-packages/motor_ctl/dynamixel_python/__init__.py to __init__.cpython-310.pyc
[5.264s] byte-compiling /home/group1/my_ros_ws/install/motor_ctl/lib/python3.10/site-packages/motor_ctl/dynamixel_python/web_scraper/get_model_list.py to get_model_list.cpython-310.pyc
[5.266s] byte-compiling /home/group1/my_ros_ws/install/motor_ctl/lib/python3.10/site-packages/motor_ctl/dynamixel_python/web_scraper/get_ctrl_table.py to get_ctrl_table.cpython-310.pyc
[5.269s] byte-compiling /home/group1/my_ros_ws/install/motor_ctl/lib/python3.10/site-packages/motor_ctl/dynamixel_python/web_scraper/get_all_ctrl_tables.py to get_all_ctrl_tables.cpython-310.pyc
[5.270s] byte-compiling /home/group1/my_ros_ws/install/motor_ctl/lib/python3.10/site-packages/motor_ctl/dynamixel_python/web_scraper/__init__.py to __init__.cpython-310.pyc
[5.272s] byte-compiling /home/group1/my_ros_ws/install/motor_ctl/lib/python3.10/site-packages/motor_ctl/subscriber.py to subscriber.cpython-310.pyc
[5.274s] running install_data
[5.274s] running install_egg_info
[5.281s] removing '/home/group1/my_ros_ws/install/motor_ctl/lib/python3.10/site-packages/motor_ctl-0.0.0-py3.10.egg-info' (and everything under it)
[5.282s] Copying ../../build/motor_ctl/motor_ctl.egg-info to /home/group1/my_ros_ws/install/motor_ctl/lib/python3.10/site-packages/motor_ctl-0.0.0-py3.10.egg-info
[5.287s] running install_scripts
[5.366s] Installing publisher script to /home/group1/my_ros_ws/install/motor_ctl/lib/motor_ctl
[5.367s] Installing subscriber script to /home/group1/my_ros_ws/install/motor_ctl/lib/motor_ctl
[5.369s] writing list of installed files to '/home/group1/my_ros_ws/build/motor_ctl/install.log'
[5.489s] Invoked command in '/home/group1/my_ros_ws/src/motor_ctl' returned '0': PYTHONPATH=/home/group1/my_ros_ws/build/motor_ctl/prefix_override:/home/group1/my_ros_ws/install/motor_ctl/lib/python3.10/site-packages:${PYTHONPATH} /usr/bin/python3 -W ignore:setup.py install is deprecated setup.py egg_info --egg-base ../../build/motor_ctl build --build-base /home/group1/my_ros_ws/build/motor_ctl/build install --record /home/group1/my_ros_ws/build/motor_ctl/install.log --single-version-externally-managed install_data
