[4.168s] Invoking command in '/home/group1/my_ros_ws/src/motor_ctl': PYTHONPATH=/home/group1/my_ros_ws/build/motor_ctl/prefix_override:/home/group1/my_ros_ws/install/motor_ctl/lib/python3.10/site-packages:${PYTHONPATH} /usr/bin/python3 -W ignore:setup.py install is deprecated setup.py egg_info --egg-base ../../build/motor_ctl build --build-base /home/group1/my_ros_ws/build/motor_ctl/build install --record /home/group1/my_ros_ws/build/motor_ctl/install.log --single-version-externally-managed install_data
[5.289s] running egg_info
[5.292s] writing ../../build/motor_ctl/motor_ctl.egg-info/PKG-INFO
[5.293s] writing dependency_links to ../../build/motor_ctl/motor_ctl.egg-info/dependency_links.txt
[5.294s] writing entry points to ../../build/motor_ctl/motor_ctl.egg-info/entry_points.txt
[5.295s] writing requirements to ../../build/motor_ctl/motor_ctl.egg-info/requires.txt
[5.296s] writing top-level names to ../../build/motor_ctl/motor_ctl.egg-info/top_level.txt
[5.303s] reading manifest file '../../build/motor_ctl/motor_ctl.egg-info/SOURCES.txt'
[5.307s] writing manifest file '../../build/motor_ctl/motor_ctl.egg-info/SOURCES.txt'
[5.308s] running build
[5.308s] running build_py
[5.310s] running install
[5.311s] running install_lib
[5.319s] running install_data
[5.320s] running install_egg_info
[5.326s] removing '/home/group1/my_ros_ws/install/motor_ctl/lib/python3.10/site-packages/motor_ctl-0.0.0-py3.10.egg-info' (and everything under it)
[5.328s] Copying ../../build/motor_ctl/motor_ctl.egg-info to /home/group1/my_ros_ws/install/motor_ctl/lib/python3.10/site-packages/motor_ctl-0.0.0-py3.10.egg-info
[5.334s] running install_scripts
[5.413s] Installing publisher script to /home/group1/my_ros_ws/install/motor_ctl/lib/motor_ctl
[5.414s] Installing subscriber script to /home/group1/my_ros_ws/install/motor_ctl/lib/motor_ctl
[5.416s] writing list of installed files to '/home/group1/my_ros_ws/build/motor_ctl/install.log'
[5.535s] Invoked command in '/home/group1/my_ros_ws/src/motor_ctl' returned '0': PYTHONPATH=/home/group1/my_ros_ws/build/motor_ctl/prefix_override:/home/group1/my_ros_ws/install/motor_ctl/lib/python3.10/site-packages:${PYTHONPATH} /usr/bin/python3 -W ignore:setup.py install is deprecated setup.py egg_info --egg-base ../../build/motor_ctl build --build-base /home/group1/my_ros_ws/build/motor_ctl/build install --record /home/group1/my_ros_ws/build/motor_ctl/install.log --single-version-externally-managed install_data
