[0.894s] DEBUG:colcon:Command line arguments: ['/usr/bin/colcon', 'build']
[0.894s] DEBUG:colcon:Parsed command line arguments: Namespace(log_base=None, log_level=None, verb_name='build', build_base='build', install_base='install', merge_install=False, symlink_install=False, test_result_base=None, continue_on_error=False, executor='parallel', parallel_workers=4, event_handlers=None, ignore_user_meta=False, metas=['./colcon.meta'], base_paths=['.'], packages_ignore=None, packages_ignore_regex=None, paths=None, packages_up_to=None, packages_up_to_regex=None, packages_above=None, packages_above_and_dependencies=None, packages_above_depth=None, packages_select_by_dep=None, packages_skip_by_dep=None, packages_skip_up_to=None, packages_select_build_failed=False, packages_skip_build_finished=False, packages_select_test_failures=False, packages_skip_test_passed=False, packages_select=None, packages_skip=None, packages_select_regex=None, packages_skip_regex=None, packages_start=None, packages_end=None, allow_overriding=[], cmake_args=None, cmake_target=None, cmake_target_skip_unavailable=False, cmake_clean_cache=False, cmake_clean_first=False, cmake_force_configure=False, ament_cmake_args=None, catkin_cmake_args=None, catkin_skip_building_tests=False, verb_parser=<colcon_defaults.argument_parser.defaults.DefaultArgumentsDecorator object at 0xffffbd283af0>, verb_extension=<colcon_core.verb.build.BuildVerb object at 0xffffbd408730>, main=<bound method BuildVerb.main of <colcon_core.verb.build.BuildVerb object at 0xffffbd408730>>)
[1.987s] Level 1:colcon.colcon_core.package_discovery:discover_packages(colcon_meta) check parameters
[1.988s] Level 1:colcon.colcon_core.package_discovery:discover_packages(recursive) check parameters
[1.988s] Level 1:colcon.colcon_core.package_discovery:discover_packages(ignore) check parameters
[1.988s] Level 1:colcon.colcon_core.package_discovery:discover_packages(path) check parameters
[1.988s] Level 1:colcon.colcon_core.package_discovery:discover_packages(colcon_meta) discover
[1.989s] Level 1:colcon.colcon_core.package_discovery:discover_packages(recursive) discover
[1.989s] INFO:colcon.colcon_core.package_discovery:Crawling recursively for packages in '/home/group1/my_ros_ws'
[1.989s] Level 1:colcon.colcon_core.package_identification:_identify(.) by extensions ['ignore', 'ignore_ament_install']
[1.990s] Level 1:colcon.colcon_core.package_identification:_identify(.) by extension 'ignore'
[1.990s] Level 1:colcon.colcon_core.package_identification:_identify(.) by extension 'ignore_ament_install'
[1.990s] Level 1:colcon.colcon_core.package_identification:_identify(.) by extensions ['colcon_pkg']
[1.990s] Level 1:colcon.colcon_core.package_identification:_identify(.) by extension 'colcon_pkg'
[1.991s] Level 1:colcon.colcon_core.package_identification:_identify(.) by extensions ['colcon_meta']
[1.991s] Level 1:colcon.colcon_core.package_identification:_identify(.) by extension 'colcon_meta'
[1.991s] Level 1:colcon.colcon_core.package_identification:_identify(.) by extensions ['ros']
[1.991s] Level 1:colcon.colcon_core.package_identification:_identify(.) by extension 'ros'
[2.043s] Level 1:colcon.colcon_core.package_identification:_identify(.) by extensions ['cmake', 'python']
[2.044s] Level 1:colcon.colcon_core.package_identification:_identify(.) by extension 'cmake'
[2.044s] Level 1:colcon.colcon_core.package_identification:_identify(.) by extension 'python'
[2.044s] Level 1:colcon.colcon_core.package_identification:_identify(.) by extensions ['python_setup_py']
[2.044s] Level 1:colcon.colcon_core.package_identification:_identify(.) by extension 'python_setup_py'
[2.045s] Level 1:colcon.colcon_core.package_identification:_identify(build) by extensions ['ignore', 'ignore_ament_install']
[2.045s] Level 1:colcon.colcon_core.package_identification:_identify(build) by extension 'ignore'
[2.045s] Level 1:colcon.colcon_core.package_identification:_identify(build) ignored
[2.046s] Level 1:colcon.colcon_core.package_identification:_identify(dynamixel_python) by extensions ['ignore', 'ignore_ament_install']
[2.046s] Level 1:colcon.colcon_core.package_identification:_identify(dynamixel_python) by extension 'ignore'
[2.046s] Level 1:colcon.colcon_core.package_identification:_identify(dynamixel_python) by extension 'ignore_ament_install'
[2.046s] Level 1:colcon.colcon_core.package_identification:_identify(dynamixel_python) by extensions ['colcon_pkg']
[2.046s] Level 1:colcon.colcon_core.package_identification:_identify(dynamixel_python) by extension 'colcon_pkg'
[2.047s] Level 1:colcon.colcon_core.package_identification:_identify(dynamixel_python) by extensions ['colcon_meta']
[2.047s] Level 1:colcon.colcon_core.package_identification:_identify(dynamixel_python) by extension 'colcon_meta'
[2.047s] Level 1:colcon.colcon_core.package_identification:_identify(dynamixel_python) by extensions ['ros']
[2.047s] Level 1:colcon.colcon_core.package_identification:_identify(dynamixel_python) by extension 'ros'
[2.047s] Level 1:colcon.colcon_core.package_identification:_identify(dynamixel_python) by extensions ['cmake', 'python']
[2.048s] Level 1:colcon.colcon_core.package_identification:_identify(dynamixel_python) by extension 'cmake'
[2.048s] Level 1:colcon.colcon_core.package_identification:_identify(dynamixel_python) by extension 'python'
[2.048s] Level 1:colcon.colcon_core.package_identification:_identify(dynamixel_python) by extensions ['python_setup_py']
[2.048s] Level 1:colcon.colcon_core.package_identification:_identify(dynamixel_python) by extension 'python_setup_py'
[2.048s] Level 1:colcon.colcon_core.package_identification:_identify(dynamixel_python/__MACOSX) by extensions ['ignore', 'ignore_ament_install']
[2.049s] Level 1:colcon.colcon_core.package_identification:_identify(dynamixel_python/__MACOSX) by extension 'ignore'
[2.049s] Level 1:colcon.colcon_core.package_identification:_identify(dynamixel_python/__MACOSX) by extension 'ignore_ament_install'
[2.049s] Level 1:colcon.colcon_core.package_identification:_identify(dynamixel_python/__MACOSX) by extensions ['colcon_pkg']
[2.049s] Level 1:colcon.colcon_core.package_identification:_identify(dynamixel_python/__MACOSX) by extension 'colcon_pkg'
[2.050s] Level 1:colcon.colcon_core.package_identification:_identify(dynamixel_python/__MACOSX) by extensions ['colcon_meta']
[2.050s] Level 1:colcon.colcon_core.package_identification:_identify(dynamixel_python/__MACOSX) by extension 'colcon_meta'
[2.050s] Level 1:colcon.colcon_core.package_identification:_identify(dynamixel_python/__MACOSX) by extensions ['ros']
[2.050s] Level 1:colcon.colcon_core.package_identification:_identify(dynamixel_python/__MACOSX) by extension 'ros'
[2.050s] Level 1:colcon.colcon_core.package_identification:_identify(dynamixel_python/__MACOSX) by extensions ['cmake', 'python']
[2.050s] Level 1:colcon.colcon_core.package_identification:_identify(dynamixel_python/__MACOSX) by extension 'cmake'
[2.051s] Level 1:colcon.colcon_core.package_identification:_identify(dynamixel_python/__MACOSX) by extension 'python'
[2.051s] Level 1:colcon.colcon_core.package_identification:_identify(dynamixel_python/__MACOSX) by extensions ['python_setup_py']
[2.051s] Level 1:colcon.colcon_core.package_identification:_identify(dynamixel_python/__MACOSX) by extension 'python_setup_py'
[2.052s] Level 1:colcon.colcon_core.package_identification:_identify(dynamixel_python/__MACOSX/dynamixel_python) by extensions ['ignore', 'ignore_ament_install']
[2.052s] Level 1:colcon.colcon_core.package_identification:_identify(dynamixel_python/__MACOSX/dynamixel_python) by extension 'ignore'
[2.053s] Level 1:colcon.colcon_core.package_identification:_identify(dynamixel_python/__MACOSX/dynamixel_python) by extension 'ignore_ament_install'
[2.053s] Level 1:colcon.colcon_core.package_identification:_identify(dynamixel_python/__MACOSX/dynamixel_python) by extensions ['colcon_pkg']
[2.053s] Level 1:colcon.colcon_core.package_identification:_identify(dynamixel_python/__MACOSX/dynamixel_python) by extension 'colcon_pkg'
[2.053s] Level 1:colcon.colcon_core.package_identification:_identify(dynamixel_python/__MACOSX/dynamixel_python) by extensions ['colcon_meta']
[2.053s] Level 1:colcon.colcon_core.package_identification:_identify(dynamixel_python/__MACOSX/dynamixel_python) by extension 'colcon_meta'
[2.054s] Level 1:colcon.colcon_core.package_identification:_identify(dynamixel_python/__MACOSX/dynamixel_python) by extensions ['ros']
[2.054s] Level 1:colcon.colcon_core.package_identification:_identify(dynamixel_python/__MACOSX/dynamixel_python) by extension 'ros'
[2.054s] Level 1:colcon.colcon_core.package_identification:_identify(dynamixel_python/__MACOSX/dynamixel_python) by extensions ['cmake', 'python']
[2.054s] Level 1:colcon.colcon_core.package_identification:_identify(dynamixel_python/__MACOSX/dynamixel_python) by extension 'cmake'
[2.054s] Level 1:colcon.colcon_core.package_identification:_identify(dynamixel_python/__MACOSX/dynamixel_python) by extension 'python'
[2.055s] Level 1:colcon.colcon_core.package_identification:_identify(dynamixel_python/__MACOSX/dynamixel_python) by extensions ['python_setup_py']
[2.055s] Level 1:colcon.colcon_core.package_identification:_identify(dynamixel_python/__MACOSX/dynamixel_python) by extension 'python_setup_py'
[2.056s] Level 1:colcon.colcon_core.package_identification:_identify(dynamixel_python/__MACOSX/dynamixel_python/build) by extensions ['ignore', 'ignore_ament_install']
[2.056s] Level 1:colcon.colcon_core.package_identification:_identify(dynamixel_python/__MACOSX/dynamixel_python/build) by extension 'ignore'
[2.056s] Level 1:colcon.colcon_core.package_identification:_identify(dynamixel_python/__MACOSX/dynamixel_python/build) by extension 'ignore_ament_install'
[2.057s] Level 1:colcon.colcon_core.package_identification:_identify(dynamixel_python/__MACOSX/dynamixel_python/build) by extensions ['colcon_pkg']
[2.057s] Level 1:colcon.colcon_core.package_identification:_identify(dynamixel_python/__MACOSX/dynamixel_python/build) by extension 'colcon_pkg'
[2.057s] Level 1:colcon.colcon_core.package_identification:_identify(dynamixel_python/__MACOSX/dynamixel_python/build) by extensions ['colcon_meta']
[2.057s] Level 1:colcon.colcon_core.package_identification:_identify(dynamixel_python/__MACOSX/dynamixel_python/build) by extension 'colcon_meta'
[2.057s] Level 1:colcon.colcon_core.package_identification:_identify(dynamixel_python/__MACOSX/dynamixel_python/build) by extensions ['ros']
[2.057s] Level 1:colcon.colcon_core.package_identification:_identify(dynamixel_python/__MACOSX/dynamixel_python/build) by extension 'ros'
[2.058s] Level 1:colcon.colcon_core.package_identification:_identify(dynamixel_python/__MACOSX/dynamixel_python/build) by extensions ['cmake', 'python']
[2.058s] Level 1:colcon.colcon_core.package_identification:_identify(dynamixel_python/__MACOSX/dynamixel_python/build) by extension 'cmake'
[2.058s] Level 1:colcon.colcon_core.package_identification:_identify(dynamixel_python/__MACOSX/dynamixel_python/build) by extension 'python'
[2.058s] Level 1:colcon.colcon_core.package_identification:_identify(dynamixel_python/__MACOSX/dynamixel_python/build) by extensions ['python_setup_py']
[2.058s] Level 1:colcon.colcon_core.package_identification:_identify(dynamixel_python/__MACOSX/dynamixel_python/build) by extension 'python_setup_py'
[2.059s] Level 1:colcon.colcon_core.package_identification:_identify(dynamixel_python/__MACOSX/dynamixel_python/build/lib) by extensions ['ignore', 'ignore_ament_install']
[2.060s] Level 1:colcon.colcon_core.package_identification:_identify(dynamixel_python/__MACOSX/dynamixel_python/build/lib) by extension 'ignore'
[2.060s] Level 1:colcon.colcon_core.package_identification:_identify(dynamixel_python/__MACOSX/dynamixel_python/build/lib) by extension 'ignore_ament_install'
[2.060s] Level 1:colcon.colcon_core.package_identification:_identify(dynamixel_python/__MACOSX/dynamixel_python/build/lib) by extensions ['colcon_pkg']
[2.060s] Level 1:colcon.colcon_core.package_identification:_identify(dynamixel_python/__MACOSX/dynamixel_python/build/lib) by extension 'colcon_pkg'
[2.060s] Level 1:colcon.colcon_core.package_identification:_identify(dynamixel_python/__MACOSX/dynamixel_python/build/lib) by extensions ['colcon_meta']
[2.061s] Level 1:colcon.colcon_core.package_identification:_identify(dynamixel_python/__MACOSX/dynamixel_python/build/lib) by extension 'colcon_meta'
[2.061s] Level 1:colcon.colcon_core.package_identification:_identify(dynamixel_python/__MACOSX/dynamixel_python/build/lib) by extensions ['ros']
[2.061s] Level 1:colcon.colcon_core.package_identification:_identify(dynamixel_python/__MACOSX/dynamixel_python/build/lib) by extension 'ros'
[2.061s] Level 1:colcon.colcon_core.package_identification:_identify(dynamixel_python/__MACOSX/dynamixel_python/build/lib) by extensions ['cmake', 'python']
[2.062s] Level 1:colcon.colcon_core.package_identification:_identify(dynamixel_python/__MACOSX/dynamixel_python/build/lib) by extension 'cmake'
[2.062s] Level 1:colcon.colcon_core.package_identification:_identify(dynamixel_python/__MACOSX/dynamixel_python/build/lib) by extension 'python'
[2.062s] Level 1:colcon.colcon_core.package_identification:_identify(dynamixel_python/__MACOSX/dynamixel_python/build/lib) by extensions ['python_setup_py']
[2.062s] Level 1:colcon.colcon_core.package_identification:_identify(dynamixel_python/__MACOSX/dynamixel_python/build/lib) by extension 'python_setup_py'
[2.063s] Level 1:colcon.colcon_core.package_identification:_identify(dynamixel_python/__MACOSX/dynamixel_python/dynamixel_python) by extensions ['ignore', 'ignore_ament_install']
[2.063s] Level 1:colcon.colcon_core.package_identification:_identify(dynamixel_python/__MACOSX/dynamixel_python/dynamixel_python) by extension 'ignore'
[2.064s] Level 1:colcon.colcon_core.package_identification:_identify(dynamixel_python/__MACOSX/dynamixel_python/dynamixel_python) by extension 'ignore_ament_install'
[2.064s] Level 1:colcon.colcon_core.package_identification:_identify(dynamixel_python/__MACOSX/dynamixel_python/dynamixel_python) by extensions ['colcon_pkg']
[2.064s] Level 1:colcon.colcon_core.package_identification:_identify(dynamixel_python/__MACOSX/dynamixel_python/dynamixel_python) by extension 'colcon_pkg'
[2.064s] Level 1:colcon.colcon_core.package_identification:_identify(dynamixel_python/__MACOSX/dynamixel_python/dynamixel_python) by extensions ['colcon_meta']
[2.064s] Level 1:colcon.colcon_core.package_identification:_identify(dynamixel_python/__MACOSX/dynamixel_python/dynamixel_python) by extension 'colcon_meta'
[2.064s] Level 1:colcon.colcon_core.package_identification:_identify(dynamixel_python/__MACOSX/dynamixel_python/dynamixel_python) by extensions ['ros']
[2.065s] Level 1:colcon.colcon_core.package_identification:_identify(dynamixel_python/__MACOSX/dynamixel_python/dynamixel_python) by extension 'ros'
[2.065s] Level 1:colcon.colcon_core.package_identification:_identify(dynamixel_python/__MACOSX/dynamixel_python/dynamixel_python) by extensions ['cmake', 'python']
[2.065s] Level 1:colcon.colcon_core.package_identification:_identify(dynamixel_python/__MACOSX/dynamixel_python/dynamixel_python) by extension 'cmake'
[2.065s] Level 1:colcon.colcon_core.package_identification:_identify(dynamixel_python/__MACOSX/dynamixel_python/dynamixel_python) by extension 'python'
[2.065s] Level 1:colcon.colcon_core.package_identification:_identify(dynamixel_python/__MACOSX/dynamixel_python/dynamixel_python) by extensions ['python_setup_py']
[2.065s] Level 1:colcon.colcon_core.package_identification:_identify(dynamixel_python/__MACOSX/dynamixel_python/dynamixel_python) by extension 'python_setup_py'
[2.066s] Level 1:colcon.colcon_core.package_identification:_identify(dynamixel_python/dynamixel_python) by extensions ['ignore', 'ignore_ament_install']
[2.066s] Level 1:colcon.colcon_core.package_identification:_identify(dynamixel_python/dynamixel_python) by extension 'ignore'
[2.067s] Level 1:colcon.colcon_core.package_identification:_identify(dynamixel_python/dynamixel_python) by extension 'ignore_ament_install'
[2.067s] Level 1:colcon.colcon_core.package_identification:_identify(dynamixel_python/dynamixel_python) by extensions ['colcon_pkg']
[2.067s] Level 1:colcon.colcon_core.package_identification:_identify(dynamixel_python/dynamixel_python) by extension 'colcon_pkg'
[2.067s] Level 1:colcon.colcon_core.package_identification:_identify(dynamixel_python/dynamixel_python) by extensions ['colcon_meta']
[2.067s] Level 1:colcon.colcon_core.package_identification:_identify(dynamixel_python/dynamixel_python) by extension 'colcon_meta'
[2.068s] Level 1:colcon.colcon_core.package_identification:_identify(dynamixel_python/dynamixel_python) by extensions ['ros']
[2.068s] Level 1:colcon.colcon_core.package_identification:_identify(dynamixel_python/dynamixel_python) by extension 'ros'
[2.068s] Level 1:colcon.colcon_core.package_identification:_identify(dynamixel_python/dynamixel_python) by extensions ['cmake', 'python']
[2.068s] Level 1:colcon.colcon_core.package_identification:_identify(dynamixel_python/dynamixel_python) by extension 'cmake'
[2.068s] Level 1:colcon.colcon_core.package_identification:_identify(dynamixel_python/dynamixel_python) by extension 'python'
[2.069s] Level 1:colcon.colcon_core.package_identification:_identify(dynamixel_python/dynamixel_python) by extensions ['python_setup_py']
[2.069s] Level 1:colcon.colcon_core.package_identification:_identify(dynamixel_python/dynamixel_python) by extension 'python_setup_py'
[3.155s] DEBUG:colcon.colcon_core.package_identification:Package 'dynamixel_python/dynamixel_python' with type 'python' and name 'dynamixel_python'
[3.156s] Level 1:colcon.colcon_core.package_identification:_identify(install) by extensions ['ignore', 'ignore_ament_install']
[3.156s] Level 1:colcon.colcon_core.package_identification:_identify(install) by extension 'ignore'
[3.156s] Level 1:colcon.colcon_core.package_identification:_identify(install) ignored
[3.157s] Level 1:colcon.colcon_core.package_identification:_identify(log) by extensions ['ignore', 'ignore_ament_install']
[3.157s] Level 1:colcon.colcon_core.package_identification:_identify(log) by extension 'ignore'
[3.158s] Level 1:colcon.colcon_core.package_identification:_identify(log) ignored
[3.158s] Level 1:colcon.colcon_core.package_identification:_identify(src) by extensions ['ignore', 'ignore_ament_install']
[3.158s] Level 1:colcon.colcon_core.package_identification:_identify(src) by extension 'ignore'
[3.158s] Level 1:colcon.colcon_core.package_identification:_identify(src) by extension 'ignore_ament_install'
[3.159s] Level 1:colcon.colcon_core.package_identification:_identify(src) by extensions ['colcon_pkg']
[3.159s] Level 1:colcon.colcon_core.package_identification:_identify(src) by extension 'colcon_pkg'
[3.159s] Level 1:colcon.colcon_core.package_identification:_identify(src) by extensions ['colcon_meta']
[3.159s] Level 1:colcon.colcon_core.package_identification:_identify(src) by extension 'colcon_meta'
[3.159s] Level 1:colcon.colcon_core.package_identification:_identify(src) by extensions ['ros']
[3.159s] Level 1:colcon.colcon_core.package_identification:_identify(src) by extension 'ros'
[3.160s] Level 1:colcon.colcon_core.package_identification:_identify(src) by extensions ['cmake', 'python']
[3.160s] Level 1:colcon.colcon_core.package_identification:_identify(src) by extension 'cmake'
[3.160s] Level 1:colcon.colcon_core.package_identification:_identify(src) by extension 'python'
[3.160s] Level 1:colcon.colcon_core.package_identification:_identify(src) by extensions ['python_setup_py']
[3.160s] Level 1:colcon.colcon_core.package_identification:_identify(src) by extension 'python_setup_py'
[3.161s] Level 1:colcon.colcon_core.package_identification:_identify(src/motor_ctl) by extensions ['ignore', 'ignore_ament_install']
[3.162s] Level 1:colcon.colcon_core.package_identification:_identify(src/motor_ctl) by extension 'ignore'
[3.162s] Level 1:colcon.colcon_core.package_identification:_identify(src/motor_ctl) by extension 'ignore_ament_install'
[3.162s] Level 1:colcon.colcon_core.package_identification:_identify(src/motor_ctl) by extensions ['colcon_pkg']
[3.162s] Level 1:colcon.colcon_core.package_identification:_identify(src/motor_ctl) by extension 'colcon_pkg'
[3.163s] Level 1:colcon.colcon_core.package_identification:_identify(src/motor_ctl) by extensions ['colcon_meta']
[3.163s] Level 1:colcon.colcon_core.package_identification:_identify(src/motor_ctl) by extension 'colcon_meta'
[3.163s] Level 1:colcon.colcon_core.package_identification:_identify(src/motor_ctl) by extensions ['ros']
[3.163s] Level 1:colcon.colcon_core.package_identification:_identify(src/motor_ctl) by extension 'ros'
[3.179s] DEBUG:colcon.colcon_core.package_identification:Package 'src/motor_ctl' with type 'ros.ament_python' and name 'motor_ctl'
[3.179s] Level 1:colcon.colcon_core.package_discovery:discover_packages(recursive) using defaults
[3.179s] Level 1:colcon.colcon_core.package_discovery:discover_packages(ignore) discover
[3.179s] Level 1:colcon.colcon_core.package_discovery:discover_packages(ignore) using defaults
[3.179s] Level 1:colcon.colcon_core.package_discovery:discover_packages(path) discover
[3.180s] Level 1:colcon.colcon_core.package_discovery:discover_packages(path) using defaults
[3.303s] Level 1:colcon.colcon_core.package_discovery:discover_packages(prefix_path) check parameters
[3.304s] Level 1:colcon.colcon_core.package_discovery:discover_packages(prefix_path) discover
[3.328s] DEBUG:colcon.colcon_installed_package_information.package_discovery:Found 281 installed packages in /opt/ros/iron
[3.370s] Level 1:colcon.colcon_core.package_discovery:discover_packages(prefix_path) using defaults
[3.559s] Level 5:colcon.colcon_core.verb:set package 'dynamixel_python' build argument 'cmake_args' from command line to 'None'
[3.559s] Level 5:colcon.colcon_core.verb:set package 'dynamixel_python' build argument 'cmake_target' from command line to 'None'
[3.559s] Level 5:colcon.colcon_core.verb:set package 'dynamixel_python' build argument 'cmake_target_skip_unavailable' from command line to 'False'
[3.560s] Level 5:colcon.colcon_core.verb:set package 'dynamixel_python' build argument 'cmake_clean_cache' from command line to 'False'
[3.560s] Level 5:colcon.colcon_core.verb:set package 'dynamixel_python' build argument 'cmake_clean_first' from command line to 'False'
[3.560s] Level 5:colcon.colcon_core.verb:set package 'dynamixel_python' build argument 'cmake_force_configure' from command line to 'False'
[3.560s] Level 5:colcon.colcon_core.verb:set package 'dynamixel_python' build argument 'ament_cmake_args' from command line to 'None'
[3.560s] Level 5:colcon.colcon_core.verb:set package 'dynamixel_python' build argument 'catkin_cmake_args' from command line to 'None'
[3.560s] Level 5:colcon.colcon_core.verb:set package 'dynamixel_python' build argument 'catkin_skip_building_tests' from command line to 'False'
[3.560s] DEBUG:colcon.colcon_core.verb:Building package 'dynamixel_python' with the following arguments: {'ament_cmake_args': None, 'build_base': '/home/group1/my_ros_ws/build/dynamixel_python', 'catkin_cmake_args': None, 'catkin_skip_building_tests': False, 'cmake_args': None, 'cmake_clean_cache': False, 'cmake_clean_first': False, 'cmake_force_configure': False, 'cmake_target': None, 'cmake_target_skip_unavailable': False, 'install_base': '/home/group1/my_ros_ws/install/dynamixel_python', 'merge_install': False, 'path': '/home/group1/my_ros_ws/dynamixel_python/dynamixel_python', 'symlink_install': False, 'test_result_base': None}
[3.562s] Level 5:colcon.colcon_core.verb:set package 'motor_ctl' build argument 'cmake_args' from command line to 'None'
[3.562s] Level 5:colcon.colcon_core.verb:set package 'motor_ctl' build argument 'cmake_target' from command line to 'None'
[3.562s] Level 5:colcon.colcon_core.verb:set package 'motor_ctl' build argument 'cmake_target_skip_unavailable' from command line to 'False'
[3.562s] Level 5:colcon.colcon_core.verb:set package 'motor_ctl' build argument 'cmake_clean_cache' from command line to 'False'
[3.562s] Level 5:colcon.colcon_core.verb:set package 'motor_ctl' build argument 'cmake_clean_first' from command line to 'False'
[3.562s] Level 5:colcon.colcon_core.verb:set package 'motor_ctl' build argument 'cmake_force_configure' from command line to 'False'
[3.562s] Level 5:colcon.colcon_core.verb:set package 'motor_ctl' build argument 'ament_cmake_args' from command line to 'None'
[3.562s] Level 5:colcon.colcon_core.verb:set package 'motor_ctl' build argument 'catkin_cmake_args' from command line to 'None'
[3.562s] Level 5:colcon.colcon_core.verb:set package 'motor_ctl' build argument 'catkin_skip_building_tests' from command line to 'False'
[3.563s] DEBUG:colcon.colcon_core.verb:Building package 'motor_ctl' with the following arguments: {'ament_cmake_args': None, 'build_base': '/home/group1/my_ros_ws/build/motor_ctl', 'catkin_cmake_args': None, 'catkin_skip_building_tests': False, 'cmake_args': None, 'cmake_clean_cache': False, 'cmake_clean_first': False, 'cmake_force_configure': False, 'cmake_target': None, 'cmake_target_skip_unavailable': False, 'install_base': '/home/group1/my_ros_ws/install/motor_ctl', 'merge_install': False, 'path': '/home/group1/my_ros_ws/src/motor_ctl', 'symlink_install': False, 'test_result_base': None}
[3.563s] INFO:colcon.colcon_core.executor:Executing jobs using 'parallel' executor
[3.566s] DEBUG:colcon.colcon_parallel_executor.executor.parallel:run_until_complete
[3.567s] INFO:colcon.colcon_core.task.python.build:Building Python package in '/home/group1/my_ros_ws/dynamixel_python/dynamixel_python'
[3.586s] INFO:colcon.colcon_core.plugin_system:Skipping extension 'colcon_core.shell.bat': Not used on non-Windows systems
[3.587s] INFO:colcon.colcon_core.shell:Skip shell extension 'powershell' for command environment: Not usable outside of PowerShell
[3.588s] DEBUG:colcon.colcon_core.shell:Skip shell extension 'dsv' for command environment
[3.606s] INFO:colcon.colcon_ros.task.ament_python.build:Building ROS package in '/home/group1/my_ros_ws/src/motor_ctl' with build type 'ament_python'
[3.607s] Level 1:colcon.colcon_core.shell:create_environment_hook('motor_ctl', 'ament_prefix_path')
[3.608s] INFO:colcon.colcon_core.shell:Creating environment hook '/home/group1/my_ros_ws/install/motor_ctl/share/motor_ctl/hook/ament_prefix_path.ps1'
[3.613s] INFO:colcon.colcon_core.shell:Creating environment descriptor '/home/group1/my_ros_ws/install/motor_ctl/share/motor_ctl/hook/ament_prefix_path.dsv'
[3.616s] INFO:colcon.colcon_core.shell:Creating environment hook '/home/group1/my_ros_ws/install/motor_ctl/share/motor_ctl/hook/ament_prefix_path.sh'
[3.624s] INFO:colcon.colcon_core.shell:Skip shell extension 'powershell' for command environment: Not usable outside of PowerShell
[3.624s] DEBUG:colcon.colcon_core.shell:Skip shell extension 'dsv' for command environment
[6.100s] INFO:colcon.colcon_core.task.python.build:Building Python package in '/home/group1/my_ros_ws/src/motor_ctl'
[6.101s] INFO:colcon.colcon_core.shell:Skip shell extension 'powershell' for command environment: Not usable outside of PowerShell
[6.101s] DEBUG:colcon.colcon_core.shell:Skip shell extension 'dsv' for command environment
[6.578s] DEBUG:colcon.colcon_core.event_handler.log_command:Invoking command in '/home/group1/my_ros_ws/dynamixel_python/dynamixel_python': PYTHONPATH=/home/group1/my_ros_ws/build/dynamixel_python/prefix_override:/home/group1/my_ros_ws/install/dynamixel_python/lib/python3.10/site-packages:${PYTHONPATH} /usr/bin/python3 -W ignore:setup.py install is deprecated setup.py egg_info --egg-base ../../build/dynamixel_python build --build-base /home/group1/my_ros_ws/build/dynamixel_python/build install --record /home/group1/my_ros_ws/build/dynamixel_python/install.log --single-version-externally-managed
[7.809s] DEBUG:colcon.colcon_core.event_handler.log_command:Invoking command in '/home/group1/my_ros_ws/src/motor_ctl': PYTHONPATH=/home/group1/my_ros_ws/build/motor_ctl/prefix_override:/home/group1/my_ros_ws/install/motor_ctl/lib/python3.10/site-packages:${PYTHONPATH} /usr/bin/python3 -W ignore:setup.py install is deprecated setup.py egg_info --egg-base ../../build/motor_ctl build --build-base /home/group1/my_ros_ws/build/motor_ctl/build install --record /home/group1/my_ros_ws/build/motor_ctl/install.log --single-version-externally-managed install_data
[8.333s] DEBUG:colcon.colcon_core.event_handler.log_command:Invoked command in '/home/group1/my_ros_ws/dynamixel_python/dynamixel_python' returned '0': PYTHONPATH=/home/group1/my_ros_ws/build/dynamixel_python/prefix_override:/home/group1/my_ros_ws/install/dynamixel_python/lib/python3.10/site-packages:${PYTHONPATH} /usr/bin/python3 -W ignore:setup.py install is deprecated setup.py egg_info --egg-base ../../build/dynamixel_python build --build-base /home/group1/my_ros_ws/build/dynamixel_python/build install --record /home/group1/my_ros_ws/build/dynamixel_python/install.log --single-version-externally-managed
[8.354s] Level 1:colcon.colcon_core.environment:checking '/home/group1/my_ros_ws/install/dynamixel_python' for CMake module files
[8.356s] Level 1:colcon.colcon_core.environment:checking '/home/group1/my_ros_ws/install/dynamixel_python' for CMake config files
[8.360s] Level 1:colcon.colcon_core.environment:checking '/home/group1/my_ros_ws/install/dynamixel_python/lib'
[8.361s] Level 1:colcon.colcon_core.environment:checking '/home/group1/my_ros_ws/install/dynamixel_python/bin'
[8.362s] Level 1:colcon.colcon_core.environment:checking '/home/group1/my_ros_ws/install/dynamixel_python/lib/pkgconfig/dynamixel_python.pc'
[8.363s] Level 1:colcon.colcon_core.environment:checking '/home/group1/my_ros_ws/install/dynamixel_python/lib/python3.10/site-packages'
[8.364s] Level 1:colcon.colcon_core.shell:create_environment_hook('dynamixel_python', 'pythonpath')
[8.365s] INFO:colcon.colcon_core.shell:Creating environment hook '/home/group1/my_ros_ws/install/dynamixel_python/share/dynamixel_python/hook/pythonpath.ps1'
[8.367s] INFO:colcon.colcon_core.shell:Creating environment descriptor '/home/group1/my_ros_ws/install/dynamixel_python/share/dynamixel_python/hook/pythonpath.dsv'
[8.368s] INFO:colcon.colcon_core.shell:Creating environment hook '/home/group1/my_ros_ws/install/dynamixel_python/share/dynamixel_python/hook/pythonpath.sh'
[8.371s] Level 1:colcon.colcon_core.environment:checking '/home/group1/my_ros_ws/install/dynamixel_python/bin'
[8.371s] Level 1:colcon.colcon_core.environment:create_environment_scripts_only(dynamixel_python)
[8.373s] INFO:colcon.colcon_core.shell:Creating package script '/home/group1/my_ros_ws/install/dynamixel_python/share/dynamixel_python/package.ps1'
[8.377s] INFO:colcon.colcon_core.shell:Creating package descriptor '/home/group1/my_ros_ws/install/dynamixel_python/share/dynamixel_python/package.dsv'
[8.379s] INFO:colcon.colcon_core.shell:Creating package script '/home/group1/my_ros_ws/install/dynamixel_python/share/dynamixel_python/package.sh'
[8.383s] INFO:colcon.colcon_core.shell:Creating package script '/home/group1/my_ros_ws/install/dynamixel_python/share/dynamixel_python/package.bash'
[8.387s] INFO:colcon.colcon_core.shell:Creating package script '/home/group1/my_ros_ws/install/dynamixel_python/share/dynamixel_python/package.zsh'
[8.391s] Level 1:colcon.colcon_core.environment:create_file_with_runtime_dependencies(/home/group1/my_ros_ws/install/dynamixel_python/share/colcon-core/packages/dynamixel_python)
[9.205s] Level 1:colcon.colcon_core.environment:checking '/home/group1/my_ros_ws/install/motor_ctl' for CMake module files
[9.206s] DEBUG:colcon.colcon_core.event_handler.log_command:Invoked command in '/home/group1/my_ros_ws/src/motor_ctl' returned '0': PYTHONPATH=/home/group1/my_ros_ws/build/motor_ctl/prefix_override:/home/group1/my_ros_ws/install/motor_ctl/lib/python3.10/site-packages:${PYTHONPATH} /usr/bin/python3 -W ignore:setup.py install is deprecated setup.py egg_info --egg-base ../../build/motor_ctl build --build-base /home/group1/my_ros_ws/build/motor_ctl/build install --record /home/group1/my_ros_ws/build/motor_ctl/install.log --single-version-externally-managed install_data
[9.208s] Level 1:colcon.colcon_core.environment:checking '/home/group1/my_ros_ws/install/motor_ctl' for CMake config files
[9.213s] Level 1:colcon.colcon_core.environment:checking '/home/group1/my_ros_ws/install/motor_ctl/lib'
[9.214s] Level 1:colcon.colcon_core.environment:checking '/home/group1/my_ros_ws/install/motor_ctl/bin'
[9.214s] Level 1:colcon.colcon_core.environment:checking '/home/group1/my_ros_ws/install/motor_ctl/lib/pkgconfig/motor_ctl.pc'
[9.215s] Level 1:colcon.colcon_core.environment:checking '/home/group1/my_ros_ws/install/motor_ctl/lib/python3.10/site-packages'
[9.215s] Level 1:colcon.colcon_core.shell:create_environment_hook('motor_ctl', 'pythonpath')
[9.216s] INFO:colcon.colcon_core.shell:Creating environment hook '/home/group1/my_ros_ws/install/motor_ctl/share/motor_ctl/hook/pythonpath.ps1'
[9.218s] INFO:colcon.colcon_core.shell:Creating environment descriptor '/home/group1/my_ros_ws/install/motor_ctl/share/motor_ctl/hook/pythonpath.dsv'
[9.220s] INFO:colcon.colcon_core.shell:Creating environment hook '/home/group1/my_ros_ws/install/motor_ctl/share/motor_ctl/hook/pythonpath.sh'
[9.223s] Level 1:colcon.colcon_core.environment:checking '/home/group1/my_ros_ws/install/motor_ctl/bin'
[9.223s] Level 1:colcon.colcon_core.environment:create_environment_scripts_only(motor_ctl)
[9.224s] INFO:colcon.colcon_core.shell:Creating package script '/home/group1/my_ros_ws/install/motor_ctl/share/motor_ctl/package.ps1'
[9.227s] INFO:colcon.colcon_core.shell:Creating package descriptor '/home/group1/my_ros_ws/install/motor_ctl/share/motor_ctl/package.dsv'
[9.229s] INFO:colcon.colcon_core.shell:Creating package script '/home/group1/my_ros_ws/install/motor_ctl/share/motor_ctl/package.sh'
[9.231s] INFO:colcon.colcon_core.shell:Creating package script '/home/group1/my_ros_ws/install/motor_ctl/share/motor_ctl/package.bash'
[9.233s] INFO:colcon.colcon_core.shell:Creating package script '/home/group1/my_ros_ws/install/motor_ctl/share/motor_ctl/package.zsh'
[9.234s] Level 1:colcon.colcon_core.environment:create_file_with_runtime_dependencies(/home/group1/my_ros_ws/install/motor_ctl/share/colcon-core/packages/motor_ctl)
[9.235s] DEBUG:colcon.colcon_parallel_executor.executor.parallel:closing loop
[9.236s] DEBUG:colcon.colcon_parallel_executor.executor.parallel:loop closed
[9.237s] DEBUG:colcon.colcon_parallel_executor.executor.parallel:run_until_complete finished with '0'
[9.237s] DEBUG:colcon.colcon_core.event_reactor:joining thread
[9.266s] INFO:colcon.colcon_core.plugin_system:Skipping extension 'colcon_notification.desktop_notification.terminal_notifier': Not used on non-Darwin systems
[9.267s] INFO:colcon.colcon_core.plugin_system:Skipping extension 'colcon_notification.desktop_notification.win32': Not used on non-Windows systems
[9.268s] INFO:colcon.colcon_notification.desktop_notification:Sending desktop notification using 'notify2'
[9.334s] DEBUG:colcon.colcon_core.event_reactor:joined thread
[9.336s] INFO:colcon.colcon_core.shell:Creating prefix script '/home/group1/my_ros_ws/install/local_setup.ps1'
[9.343s] INFO:colcon.colcon_core.shell:Creating prefix util module '/home/group1/my_ros_ws/install/_local_setup_util_ps1.py'
[9.352s] INFO:colcon.colcon_core.shell:Creating prefix chain script '/home/group1/my_ros_ws/install/setup.ps1'
[9.357s] INFO:colcon.colcon_core.shell:Creating prefix script '/home/group1/my_ros_ws/install/local_setup.sh'
[9.361s] INFO:colcon.colcon_core.shell:Creating prefix util module '/home/group1/my_ros_ws/install/_local_setup_util_sh.py'
[9.364s] INFO:colcon.colcon_core.shell:Creating prefix chain script '/home/group1/my_ros_ws/install/setup.sh'
[9.370s] INFO:colcon.colcon_core.shell:Creating prefix script '/home/group1/my_ros_ws/install/local_setup.bash'
[9.373s] INFO:colcon.colcon_core.shell:Creating prefix chain script '/home/group1/my_ros_ws/install/setup.bash'
[9.378s] INFO:colcon.colcon_core.shell:Creating prefix script '/home/group1/my_ros_ws/install/local_setup.zsh'
[9.382s] INFO:colcon.colcon_core.shell:Creating prefix chain script '/home/group1/my_ros_ws/install/setup.zsh'
