[0.425s] DEBUG:colcon:Command line arguments: ['/usr/bin/colcon', 'build']
[0.425s] DEBUG:colcon:Parsed command line arguments: Namespace(log_base=None, log_level=None, verb_name='build', build_base='build', install_base='install', merge_install=False, symlink_install=False, test_result_base=None, continue_on_error=False, executor='parallel', parallel_workers=4, event_handlers=None, ignore_user_meta=False, metas=['./colcon.meta'], base_paths=['.'], packages_ignore=None, packages_ignore_regex=None, paths=None, packages_up_to=None, packages_up_to_regex=None, packages_above=None, packages_above_and_dependencies=None, packages_above_depth=None, packages_select_by_dep=None, packages_skip_by_dep=None, packages_skip_up_to=None, packages_select_build_failed=False, packages_skip_build_finished=False, packages_select_test_failures=False, packages_skip_test_passed=False, packages_select=None, packages_skip=None, packages_select_regex=None, packages_skip_regex=None, packages_start=None, packages_end=None, allow_overriding=[], cmake_args=None, cmake_target=None, cmake_target_skip_unavailable=False, cmake_clean_cache=False, cmake_clean_first=False, cmake_force_configure=False, ament_cmake_args=None, catkin_cmake_args=None, catkin_skip_building_tests=False, verb_parser=<colcon_defaults.argument_parser.defaults.DefaultArgumentsDecorator object at 0xffff89133af0>, verb_extension=<colcon_core.verb.build.BuildVerb object at 0xffff892b8730>, main=<bound method BuildVerb.main of <colcon_core.verb.build.BuildVerb object at 0xffff892b8730>>)
[1.169s] Level 1:colcon.colcon_core.package_discovery:discover_packages(colcon_meta) check parameters
[1.170s] Level 1:colcon.colcon_core.package_discovery:discover_packages(recursive) check parameters
[1.170s] Level 1:colcon.colcon_core.package_discovery:discover_packages(ignore) check parameters
[1.170s] Level 1:colcon.colcon_core.package_discovery:discover_packages(path) check parameters
[1.170s] Level 1:colcon.colcon_core.package_discovery:discover_packages(colcon_meta) discover
[1.170s] Level 1:colcon.colcon_core.package_discovery:discover_packages(recursive) discover
[1.171s] INFO:colcon.colcon_core.package_discovery:Crawling recursively for packages in '/home/group1/my_ros_ws'
[1.171s] Level 1:colcon.colcon_core.package_identification:_identify(.) by extensions ['ignore', 'ignore_ament_install']
[1.171s] Level 1:colcon.colcon_core.package_identification:_identify(.) by extension 'ignore'
[1.172s] Level 1:colcon.colcon_core.package_identification:_identify(.) by extension 'ignore_ament_install'
[1.172s] Level 1:colcon.colcon_core.package_identification:_identify(.) by extensions ['colcon_pkg']
[1.172s] Level 1:colcon.colcon_core.package_identification:_identify(.) by extension 'colcon_pkg'
[1.172s] Level 1:colcon.colcon_core.package_identification:_identify(.) by extensions ['colcon_meta']
[1.172s] Level 1:colcon.colcon_core.package_identification:_identify(.) by extension 'colcon_meta'
[1.172s] Level 1:colcon.colcon_core.package_identification:_identify(.) by extensions ['ros']
[1.172s] Level 1:colcon.colcon_core.package_identification:_identify(.) by extension 'ros'
[1.219s] Level 1:colcon.colcon_core.package_identification:_identify(.) by extensions ['cmake', 'python']
[1.219s] Level 1:colcon.colcon_core.package_identification:_identify(.) by extension 'cmake'
[1.219s] Level 1:colcon.colcon_core.package_identification:_identify(.) by extension 'python'
[1.219s] Level 1:colcon.colcon_core.package_identification:_identify(.) by extensions ['python_setup_py']
[1.220s] Level 1:colcon.colcon_core.package_identification:_identify(.) by extension 'python_setup_py'
[1.220s] Level 1:colcon.colcon_core.package_identification:_identify(build) by extensions ['ignore', 'ignore_ament_install']
[1.220s] Level 1:colcon.colcon_core.package_identification:_identify(build) by extension 'ignore'
[1.221s] Level 1:colcon.colcon_core.package_identification:_identify(build) ignored
[1.221s] Level 1:colcon.colcon_core.package_identification:_identify(dynamixel_python) by extensions ['ignore', 'ignore_ament_install']
[1.221s] Level 1:colcon.colcon_core.package_identification:_identify(dynamixel_python) by extension 'ignore'
[1.222s] Level 1:colcon.colcon_core.package_identification:_identify(dynamixel_python) by extension 'ignore_ament_install'
[1.222s] Level 1:colcon.colcon_core.package_identification:_identify(dynamixel_python) by extensions ['colcon_pkg']
[1.222s] Level 1:colcon.colcon_core.package_identification:_identify(dynamixel_python) by extension 'colcon_pkg'
[1.222s] Level 1:colcon.colcon_core.package_identification:_identify(dynamixel_python) by extensions ['colcon_meta']
[1.222s] Level 1:colcon.colcon_core.package_identification:_identify(dynamixel_python) by extension 'colcon_meta'
[1.222s] Level 1:colcon.colcon_core.package_identification:_identify(dynamixel_python) by extensions ['ros']
[1.223s] Level 1:colcon.colcon_core.package_identification:_identify(dynamixel_python) by extension 'ros'
[1.223s] Level 1:colcon.colcon_core.package_identification:_identify(dynamixel_python) by extensions ['cmake', 'python']
[1.223s] Level 1:colcon.colcon_core.package_identification:_identify(dynamixel_python) by extension 'cmake'
[1.223s] Level 1:colcon.colcon_core.package_identification:_identify(dynamixel_python) by extension 'python'
[1.223s] Level 1:colcon.colcon_core.package_identification:_identify(dynamixel_python) by extensions ['python_setup_py']
[1.223s] Level 1:colcon.colcon_core.package_identification:_identify(dynamixel_python) by extension 'python_setup_py'
[1.224s] Level 1:colcon.colcon_core.package_identification:_identify(dynamixel_python/__MACOSX) by extensions ['ignore', 'ignore_ament_install']
[1.224s] Level 1:colcon.colcon_core.package_identification:_identify(dynamixel_python/__MACOSX) by extension 'ignore'
[1.224s] Level 1:colcon.colcon_core.package_identification:_identify(dynamixel_python/__MACOSX) by extension 'ignore_ament_install'
[1.225s] Level 1:colcon.colcon_core.package_identification:_identify(dynamixel_python/__MACOSX) by extensions ['colcon_pkg']
[1.225s] Level 1:colcon.colcon_core.package_identification:_identify(dynamixel_python/__MACOSX) by extension 'colcon_pkg'
[1.225s] Level 1:colcon.colcon_core.package_identification:_identify(dynamixel_python/__MACOSX) by extensions ['colcon_meta']
[1.225s] Level 1:colcon.colcon_core.package_identification:_identify(dynamixel_python/__MACOSX) by extension 'colcon_meta'
[1.225s] Level 1:colcon.colcon_core.package_identification:_identify(dynamixel_python/__MACOSX) by extensions ['ros']
[1.225s] Level 1:colcon.colcon_core.package_identification:_identify(dynamixel_python/__MACOSX) by extension 'ros'
[1.226s] Level 1:colcon.colcon_core.package_identification:_identify(dynamixel_python/__MACOSX) by extensions ['cmake', 'python']
[1.226s] Level 1:colcon.colcon_core.package_identification:_identify(dynamixel_python/__MACOSX) by extension 'cmake'
[1.226s] Level 1:colcon.colcon_core.package_identification:_identify(dynamixel_python/__MACOSX) by extension 'python'
[1.226s] Level 1:colcon.colcon_core.package_identification:_identify(dynamixel_python/__MACOSX) by extensions ['python_setup_py']
[1.226s] Level 1:colcon.colcon_core.package_identification:_identify(dynamixel_python/__MACOSX) by extension 'python_setup_py'
[1.227s] Level 1:colcon.colcon_core.package_identification:_identify(dynamixel_python/__MACOSX/dynamixel_python) by extensions ['ignore', 'ignore_ament_install']
[1.227s] Level 1:colcon.colcon_core.package_identification:_identify(dynamixel_python/__MACOSX/dynamixel_python) by extension 'ignore'
[1.227s] Level 1:colcon.colcon_core.package_identification:_identify(dynamixel_python/__MACOSX/dynamixel_python) by extension 'ignore_ament_install'
[1.227s] Level 1:colcon.colcon_core.package_identification:_identify(dynamixel_python/__MACOSX/dynamixel_python) by extensions ['colcon_pkg']
[1.227s] Level 1:colcon.colcon_core.package_identification:_identify(dynamixel_python/__MACOSX/dynamixel_python) by extension 'colcon_pkg'
[1.228s] Level 1:colcon.colcon_core.package_identification:_identify(dynamixel_python/__MACOSX/dynamixel_python) by extensions ['colcon_meta']
[1.228s] Level 1:colcon.colcon_core.package_identification:_identify(dynamixel_python/__MACOSX/dynamixel_python) by extension 'colcon_meta'
[1.228s] Level 1:colcon.colcon_core.package_identification:_identify(dynamixel_python/__MACOSX/dynamixel_python) by extensions ['ros']
[1.228s] Level 1:colcon.colcon_core.package_identification:_identify(dynamixel_python/__MACOSX/dynamixel_python) by extension 'ros'
[1.228s] Level 1:colcon.colcon_core.package_identification:_identify(dynamixel_python/__MACOSX/dynamixel_python) by extensions ['cmake', 'python']
[1.229s] Level 1:colcon.colcon_core.package_identification:_identify(dynamixel_python/__MACOSX/dynamixel_python) by extension 'cmake'
[1.229s] Level 1:colcon.colcon_core.package_identification:_identify(dynamixel_python/__MACOSX/dynamixel_python) by extension 'python'
[1.229s] Level 1:colcon.colcon_core.package_identification:_identify(dynamixel_python/__MACOSX/dynamixel_python) by extensions ['python_setup_py']
[1.229s] Level 1:colcon.colcon_core.package_identification:_identify(dynamixel_python/__MACOSX/dynamixel_python) by extension 'python_setup_py'
[1.229s] Level 1:colcon.colcon_core.package_identification:_identify(dynamixel_python/__MACOSX/dynamixel_python/build) by extensions ['ignore', 'ignore_ament_install']
[1.230s] Level 1:colcon.colcon_core.package_identification:_identify(dynamixel_python/__MACOSX/dynamixel_python/build) by extension 'ignore'
[1.230s] Level 1:colcon.colcon_core.package_identification:_identify(dynamixel_python/__MACOSX/dynamixel_python/build) by extension 'ignore_ament_install'
[1.230s] Level 1:colcon.colcon_core.package_identification:_identify(dynamixel_python/__MACOSX/dynamixel_python/build) by extensions ['colcon_pkg']
[1.230s] Level 1:colcon.colcon_core.package_identification:_identify(dynamixel_python/__MACOSX/dynamixel_python/build) by extension 'colcon_pkg'
[1.230s] Level 1:colcon.colcon_core.package_identification:_identify(dynamixel_python/__MACOSX/dynamixel_python/build) by extensions ['colcon_meta']
[1.231s] Level 1:colcon.colcon_core.package_identification:_identify(dynamixel_python/__MACOSX/dynamixel_python/build) by extension 'colcon_meta'
[1.231s] Level 1:colcon.colcon_core.package_identification:_identify(dynamixel_python/__MACOSX/dynamixel_python/build) by extensions ['ros']
[1.231s] Level 1:colcon.colcon_core.package_identification:_identify(dynamixel_python/__MACOSX/dynamixel_python/build) by extension 'ros'
[1.231s] Level 1:colcon.colcon_core.package_identification:_identify(dynamixel_python/__MACOSX/dynamixel_python/build) by extensions ['cmake', 'python']
[1.231s] Level 1:colcon.colcon_core.package_identification:_identify(dynamixel_python/__MACOSX/dynamixel_python/build) by extension 'cmake'
[1.231s] Level 1:colcon.colcon_core.package_identification:_identify(dynamixel_python/__MACOSX/dynamixel_python/build) by extension 'python'
[1.232s] Level 1:colcon.colcon_core.package_identification:_identify(dynamixel_python/__MACOSX/dynamixel_python/build) by extensions ['python_setup_py']
[1.232s] Level 1:colcon.colcon_core.package_identification:_identify(dynamixel_python/__MACOSX/dynamixel_python/build) by extension 'python_setup_py'
[1.232s] Level 1:colcon.colcon_core.package_identification:_identify(dynamixel_python/__MACOSX/dynamixel_python/build/lib) by extensions ['ignore', 'ignore_ament_install']
[1.233s] Level 1:colcon.colcon_core.package_identification:_identify(dynamixel_python/__MACOSX/dynamixel_python/build/lib) by extension 'ignore'
[1.233s] Level 1:colcon.colcon_core.package_identification:_identify(dynamixel_python/__MACOSX/dynamixel_python/build/lib) by extension 'ignore_ament_install'
[1.233s] Level 1:colcon.colcon_core.package_identification:_identify(dynamixel_python/__MACOSX/dynamixel_python/build/lib) by extensions ['colcon_pkg']
[1.233s] Level 1:colcon.colcon_core.package_identification:_identify(dynamixel_python/__MACOSX/dynamixel_python/build/lib) by extension 'colcon_pkg'
[1.233s] Level 1:colcon.colcon_core.package_identification:_identify(dynamixel_python/__MACOSX/dynamixel_python/build/lib) by extensions ['colcon_meta']
[1.233s] Level 1:colcon.colcon_core.package_identification:_identify(dynamixel_python/__MACOSX/dynamixel_python/build/lib) by extension 'colcon_meta'
[1.234s] Level 1:colcon.colcon_core.package_identification:_identify(dynamixel_python/__MACOSX/dynamixel_python/build/lib) by extensions ['ros']
[1.234s] Level 1:colcon.colcon_core.package_identification:_identify(dynamixel_python/__MACOSX/dynamixel_python/build/lib) by extension 'ros'
[1.234s] Level 1:colcon.colcon_core.package_identification:_identify(dynamixel_python/__MACOSX/dynamixel_python/build/lib) by extensions ['cmake', 'python']
[1.234s] Level 1:colcon.colcon_core.package_identification:_identify(dynamixel_python/__MACOSX/dynamixel_python/build/lib) by extension 'cmake'
[1.234s] Level 1:colcon.colcon_core.package_identification:_identify(dynamixel_python/__MACOSX/dynamixel_python/build/lib) by extension 'python'
[1.235s] Level 1:colcon.colcon_core.package_identification:_identify(dynamixel_python/__MACOSX/dynamixel_python/build/lib) by extensions ['python_setup_py']
[1.235s] Level 1:colcon.colcon_core.package_identification:_identify(dynamixel_python/__MACOSX/dynamixel_python/build/lib) by extension 'python_setup_py'
[1.235s] Level 1:colcon.colcon_core.package_identification:_identify(dynamixel_python/__MACOSX/dynamixel_python/dynamixel_python) by extensions ['ignore', 'ignore_ament_install']
[1.235s] Level 1:colcon.colcon_core.package_identification:_identify(dynamixel_python/__MACOSX/dynamixel_python/dynamixel_python) by extension 'ignore'
[1.236s] Level 1:colcon.colcon_core.package_identification:_identify(dynamixel_python/__MACOSX/dynamixel_python/dynamixel_python) by extension 'ignore_ament_install'
[1.236s] Level 1:colcon.colcon_core.package_identification:_identify(dynamixel_python/__MACOSX/dynamixel_python/dynamixel_python) by extensions ['colcon_pkg']
[1.236s] Level 1:colcon.colcon_core.package_identification:_identify(dynamixel_python/__MACOSX/dynamixel_python/dynamixel_python) by extension 'colcon_pkg'
[1.236s] Level 1:colcon.colcon_core.package_identification:_identify(dynamixel_python/__MACOSX/dynamixel_python/dynamixel_python) by extensions ['colcon_meta']
[1.236s] Level 1:colcon.colcon_core.package_identification:_identify(dynamixel_python/__MACOSX/dynamixel_python/dynamixel_python) by extension 'colcon_meta'
[1.237s] Level 1:colcon.colcon_core.package_identification:_identify(dynamixel_python/__MACOSX/dynamixel_python/dynamixel_python) by extensions ['ros']
[1.237s] Level 1:colcon.colcon_core.package_identification:_identify(dynamixel_python/__MACOSX/dynamixel_python/dynamixel_python) by extension 'ros'
[1.237s] Level 1:colcon.colcon_core.package_identification:_identify(dynamixel_python/__MACOSX/dynamixel_python/dynamixel_python) by extensions ['cmake', 'python']
[1.237s] Level 1:colcon.colcon_core.package_identification:_identify(dynamixel_python/__MACOSX/dynamixel_python/dynamixel_python) by extension 'cmake'
[1.237s] Level 1:colcon.colcon_core.package_identification:_identify(dynamixel_python/__MACOSX/dynamixel_python/dynamixel_python) by extension 'python'
[1.237s] Level 1:colcon.colcon_core.package_identification:_identify(dynamixel_python/__MACOSX/dynamixel_python/dynamixel_python) by extensions ['python_setup_py']
[1.238s] Level 1:colcon.colcon_core.package_identification:_identify(dynamixel_python/__MACOSX/dynamixel_python/dynamixel_python) by extension 'python_setup_py'
[1.238s] Level 1:colcon.colcon_core.package_identification:_identify(dynamixel_python/dynamixel_python) by extensions ['ignore', 'ignore_ament_install']
[1.238s] Level 1:colcon.colcon_core.package_identification:_identify(dynamixel_python/dynamixel_python) by extension 'ignore'
[1.238s] Level 1:colcon.colcon_core.package_identification:_identify(dynamixel_python/dynamixel_python) by extension 'ignore_ament_install'
[1.239s] Level 1:colcon.colcon_core.package_identification:_identify(dynamixel_python/dynamixel_python) by extensions ['colcon_pkg']
[1.239s] Level 1:colcon.colcon_core.package_identification:_identify(dynamixel_python/dynamixel_python) by extension 'colcon_pkg'
[1.239s] Level 1:colcon.colcon_core.package_identification:_identify(dynamixel_python/dynamixel_python) by extensions ['colcon_meta']
[1.239s] Level 1:colcon.colcon_core.package_identification:_identify(dynamixel_python/dynamixel_python) by extension 'colcon_meta'
[1.239s] Level 1:colcon.colcon_core.package_identification:_identify(dynamixel_python/dynamixel_python) by extensions ['ros']
[1.239s] Level 1:colcon.colcon_core.package_identification:_identify(dynamixel_python/dynamixel_python) by extension 'ros'
[1.240s] Level 1:colcon.colcon_core.package_identification:_identify(dynamixel_python/dynamixel_python) by extensions ['cmake', 'python']
[1.240s] Level 1:colcon.colcon_core.package_identification:_identify(dynamixel_python/dynamixel_python) by extension 'cmake'
[1.240s] Level 1:colcon.colcon_core.package_identification:_identify(dynamixel_python/dynamixel_python) by extension 'python'
[1.240s] Level 1:colcon.colcon_core.package_identification:_identify(dynamixel_python/dynamixel_python) by extensions ['python_setup_py']
[1.240s] Level 1:colcon.colcon_core.package_identification:_identify(dynamixel_python/dynamixel_python) by extension 'python_setup_py'
[2.317s] DEBUG:colcon.colcon_core.package_identification:Package 'dynamixel_python/dynamixel_python' with type 'python' and name 'dynamixel_python'
[2.318s] Level 1:colcon.colcon_core.package_identification:_identify(install) by extensions ['ignore', 'ignore_ament_install']
[2.318s] Level 1:colcon.colcon_core.package_identification:_identify(install) by extension 'ignore'
[2.319s] Level 1:colcon.colcon_core.package_identification:_identify(install) ignored
[2.319s] Level 1:colcon.colcon_core.package_identification:_identify(log) by extensions ['ignore', 'ignore_ament_install']
[2.320s] Level 1:colcon.colcon_core.package_identification:_identify(log) by extension 'ignore'
[2.320s] Level 1:colcon.colcon_core.package_identification:_identify(log) ignored
[2.320s] Level 1:colcon.colcon_core.package_identification:_identify(src) by extensions ['ignore', 'ignore_ament_install']
[2.320s] Level 1:colcon.colcon_core.package_identification:_identify(src) by extension 'ignore'
[2.320s] Level 1:colcon.colcon_core.package_identification:_identify(src) by extension 'ignore_ament_install'
[2.321s] Level 1:colcon.colcon_core.package_identification:_identify(src) by extensions ['colcon_pkg']
[2.321s] Level 1:colcon.colcon_core.package_identification:_identify(src) by extension 'colcon_pkg'
[2.321s] Level 1:colcon.colcon_core.package_identification:_identify(src) by extensions ['colcon_meta']
[2.321s] Level 1:colcon.colcon_core.package_identification:_identify(src) by extension 'colcon_meta'
[2.321s] Level 1:colcon.colcon_core.package_identification:_identify(src) by extensions ['ros']
[2.321s] Level 1:colcon.colcon_core.package_identification:_identify(src) by extension 'ros'
[2.322s] Level 1:colcon.colcon_core.package_identification:_identify(src) by extensions ['cmake', 'python']
[2.322s] Level 1:colcon.colcon_core.package_identification:_identify(src) by extension 'cmake'
[2.322s] Level 1:colcon.colcon_core.package_identification:_identify(src) by extension 'python'
[2.322s] Level 1:colcon.colcon_core.package_identification:_identify(src) by extensions ['python_setup_py']
[2.322s] Level 1:colcon.colcon_core.package_identification:_identify(src) by extension 'python_setup_py'
[2.323s] Level 1:colcon.colcon_core.package_identification:_identify(src/motor_ctl) by extensions ['ignore', 'ignore_ament_install']
[2.323s] Level 1:colcon.colcon_core.package_identification:_identify(src/motor_ctl) by extension 'ignore'
[2.323s] Level 1:colcon.colcon_core.package_identification:_identify(src/motor_ctl) by extension 'ignore_ament_install'
[2.323s] Level 1:colcon.colcon_core.package_identification:_identify(src/motor_ctl) by extensions ['colcon_pkg']
[2.324s] Level 1:colcon.colcon_core.package_identification:_identify(src/motor_ctl) by extension 'colcon_pkg'
[2.324s] Level 1:colcon.colcon_core.package_identification:_identify(src/motor_ctl) by extensions ['colcon_meta']
[2.324s] Level 1:colcon.colcon_core.package_identification:_identify(src/motor_ctl) by extension 'colcon_meta'
[2.324s] Level 1:colcon.colcon_core.package_identification:_identify(src/motor_ctl) by extensions ['ros']
[2.324s] Level 1:colcon.colcon_core.package_identification:_identify(src/motor_ctl) by extension 'ros'
[2.334s] DEBUG:colcon.colcon_core.package_identification:Package 'src/motor_ctl' with type 'ros.ament_python' and name 'motor_ctl'
[2.334s] Level 1:colcon.colcon_core.package_discovery:discover_packages(recursive) using defaults
[2.334s] Level 1:colcon.colcon_core.package_discovery:discover_packages(ignore) discover
[2.335s] Level 1:colcon.colcon_core.package_discovery:discover_packages(ignore) using defaults
[2.335s] Level 1:colcon.colcon_core.package_discovery:discover_packages(path) discover
[2.335s] Level 1:colcon.colcon_core.package_discovery:discover_packages(path) using defaults
[2.409s] Level 1:colcon.colcon_core.package_discovery:discover_packages(prefix_path) check parameters
[2.409s] Level 1:colcon.colcon_core.package_discovery:discover_packages(prefix_path) discover
[2.428s] DEBUG:colcon.colcon_installed_package_information.package_discovery:Found 281 installed packages in /opt/ros/iron
[2.470s] Level 1:colcon.colcon_core.package_discovery:discover_packages(prefix_path) using defaults
[2.654s] Level 5:colcon.colcon_core.verb:set package 'dynamixel_python' build argument 'cmake_args' from command line to 'None'
[2.654s] Level 5:colcon.colcon_core.verb:set package 'dynamixel_python' build argument 'cmake_target' from command line to 'None'
[2.655s] Level 5:colcon.colcon_core.verb:set package 'dynamixel_python' build argument 'cmake_target_skip_unavailable' from command line to 'False'
[2.655s] Level 5:colcon.colcon_core.verb:set package 'dynamixel_python' build argument 'cmake_clean_cache' from command line to 'False'
[2.655s] Level 5:colcon.colcon_core.verb:set package 'dynamixel_python' build argument 'cmake_clean_first' from command line to 'False'
[2.655s] Level 5:colcon.colcon_core.verb:set package 'dynamixel_python' build argument 'cmake_force_configure' from command line to 'False'
[2.655s] Level 5:colcon.colcon_core.verb:set package 'dynamixel_python' build argument 'ament_cmake_args' from command line to 'None'
[2.655s] Level 5:colcon.colcon_core.verb:set package 'dynamixel_python' build argument 'catkin_cmake_args' from command line to 'None'
[2.655s] Level 5:colcon.colcon_core.verb:set package 'dynamixel_python' build argument 'catkin_skip_building_tests' from command line to 'False'
[2.655s] DEBUG:colcon.colcon_core.verb:Building package 'dynamixel_python' with the following arguments: {'ament_cmake_args': None, 'build_base': '/home/group1/my_ros_ws/build/dynamixel_python', 'catkin_cmake_args': None, 'catkin_skip_building_tests': False, 'cmake_args': None, 'cmake_clean_cache': False, 'cmake_clean_first': False, 'cmake_force_configure': False, 'cmake_target': None, 'cmake_target_skip_unavailable': False, 'install_base': '/home/group1/my_ros_ws/install/dynamixel_python', 'merge_install': False, 'path': '/home/group1/my_ros_ws/dynamixel_python/dynamixel_python', 'symlink_install': False, 'test_result_base': None}
[2.657s] Level 5:colcon.colcon_core.verb:set package 'motor_ctl' build argument 'cmake_args' from command line to 'None'
[2.657s] Level 5:colcon.colcon_core.verb:set package 'motor_ctl' build argument 'cmake_target' from command line to 'None'
[2.657s] Level 5:colcon.colcon_core.verb:set package 'motor_ctl' build argument 'cmake_target_skip_unavailable' from command line to 'False'
[2.657s] Level 5:colcon.colcon_core.verb:set package 'motor_ctl' build argument 'cmake_clean_cache' from command line to 'False'
[2.657s] Level 5:colcon.colcon_core.verb:set package 'motor_ctl' build argument 'cmake_clean_first' from command line to 'False'
[2.657s] Level 5:colcon.colcon_core.verb:set package 'motor_ctl' build argument 'cmake_force_configure' from command line to 'False'
[2.657s] Level 5:colcon.colcon_core.verb:set package 'motor_ctl' build argument 'ament_cmake_args' from command line to 'None'
[2.658s] Level 5:colcon.colcon_core.verb:set package 'motor_ctl' build argument 'catkin_cmake_args' from command line to 'None'
[2.658s] Level 5:colcon.colcon_core.verb:set package 'motor_ctl' build argument 'catkin_skip_building_tests' from command line to 'False'
[2.658s] DEBUG:colcon.colcon_core.verb:Building package 'motor_ctl' with the following arguments: {'ament_cmake_args': None, 'build_base': '/home/group1/my_ros_ws/build/motor_ctl', 'catkin_cmake_args': None, 'catkin_skip_building_tests': False, 'cmake_args': None, 'cmake_clean_cache': False, 'cmake_clean_first': False, 'cmake_force_configure': False, 'cmake_target': None, 'cmake_target_skip_unavailable': False, 'install_base': '/home/group1/my_ros_ws/install/motor_ctl', 'merge_install': False, 'path': '/home/group1/my_ros_ws/src/motor_ctl', 'symlink_install': False, 'test_result_base': None}
[2.658s] INFO:colcon.colcon_core.executor:Executing jobs using 'parallel' executor
[2.662s] DEBUG:colcon.colcon_parallel_executor.executor.parallel:run_until_complete
[2.663s] INFO:colcon.colcon_core.task.python.build:Building Python package in '/home/group1/my_ros_ws/dynamixel_python/dynamixel_python'
[2.671s] INFO:colcon.colcon_core.plugin_system:Skipping extension 'colcon_core.shell.bat': Not used on non-Windows systems
[2.671s] INFO:colcon.colcon_core.shell:Skip shell extension 'powershell' for command environment: Not usable outside of PowerShell
[2.672s] DEBUG:colcon.colcon_core.shell:Skip shell extension 'dsv' for command environment
[2.689s] INFO:colcon.colcon_ros.task.ament_python.build:Building ROS package in '/home/group1/my_ros_ws/src/motor_ctl' with build type 'ament_python'
[2.690s] Level 1:colcon.colcon_core.shell:create_environment_hook('motor_ctl', 'ament_prefix_path')
[2.691s] INFO:colcon.colcon_core.shell:Creating environment hook '/home/group1/my_ros_ws/install/motor_ctl/share/motor_ctl/hook/ament_prefix_path.ps1'
[2.695s] INFO:colcon.colcon_core.shell:Creating environment descriptor '/home/group1/my_ros_ws/install/motor_ctl/share/motor_ctl/hook/ament_prefix_path.dsv'
[2.698s] INFO:colcon.colcon_core.shell:Creating environment hook '/home/group1/my_ros_ws/install/motor_ctl/share/motor_ctl/hook/ament_prefix_path.sh'
[2.702s] INFO:colcon.colcon_core.shell:Skip shell extension 'powershell' for command environment: Not usable outside of PowerShell
[2.702s] DEBUG:colcon.colcon_core.shell:Skip shell extension 'dsv' for command environment
[5.096s] INFO:colcon.colcon_core.task.python.build:Building Python package in '/home/group1/my_ros_ws/src/motor_ctl'
[5.098s] INFO:colcon.colcon_core.shell:Skip shell extension 'powershell' for command environment: Not usable outside of PowerShell
[5.098s] DEBUG:colcon.colcon_core.shell:Skip shell extension 'dsv' for command environment
[5.449s] DEBUG:colcon.colcon_core.event_handler.log_command:Invoking command in '/home/group1/my_ros_ws/dynamixel_python/dynamixel_python': PYTHONPATH=/home/group1/my_ros_ws/build/dynamixel_python/prefix_override:/home/group1/my_ros_ws/install/dynamixel_python/lib/python3.10/site-packages:${PYTHONPATH} /usr/bin/python3 -W ignore:setup.py install is deprecated setup.py egg_info --egg-base ../../build/dynamixel_python build --build-base /home/group1/my_ros_ws/build/dynamixel_python/build install --record /home/group1/my_ros_ws/build/dynamixel_python/install.log --single-version-externally-managed
[6.802s] DEBUG:colcon.colcon_core.event_handler.log_command:Invoking command in '/home/group1/my_ros_ws/src/motor_ctl': PYTHONPATH=/home/group1/my_ros_ws/build/motor_ctl/prefix_override:/home/group1/my_ros_ws/install/motor_ctl/lib/python3.10/site-packages:${PYTHONPATH} /usr/bin/python3 -W ignore:setup.py install is deprecated setup.py egg_info --egg-base ../../build/motor_ctl build --build-base /home/group1/my_ros_ws/build/motor_ctl/build install --record /home/group1/my_ros_ws/build/motor_ctl/install.log --single-version-externally-managed install_data
[7.020s] DEBUG:colcon.colcon_core.event_handler.log_command:Invoked command in '/home/group1/my_ros_ws/dynamixel_python/dynamixel_python' returned '0': PYTHONPATH=/home/group1/my_ros_ws/build/dynamixel_python/prefix_override:/home/group1/my_ros_ws/install/dynamixel_python/lib/python3.10/site-packages:${PYTHONPATH} /usr/bin/python3 -W ignore:setup.py install is deprecated setup.py egg_info --egg-base ../../build/dynamixel_python build --build-base /home/group1/my_ros_ws/build/dynamixel_python/build install --record /home/group1/my_ros_ws/build/dynamixel_python/install.log --single-version-externally-managed
[7.034s] Level 1:colcon.colcon_core.environment:checking '/home/group1/my_ros_ws/install/dynamixel_python' for CMake module files
[7.036s] Level 1:colcon.colcon_core.environment:checking '/home/group1/my_ros_ws/install/dynamixel_python' for CMake config files
[7.041s] Level 1:colcon.colcon_core.environment:checking '/home/group1/my_ros_ws/install/dynamixel_python/lib'
[7.042s] Level 1:colcon.colcon_core.environment:checking '/home/group1/my_ros_ws/install/dynamixel_python/bin'
[7.042s] Level 1:colcon.colcon_core.environment:checking '/home/group1/my_ros_ws/install/dynamixel_python/lib/pkgconfig/dynamixel_python.pc'
[7.043s] Level 1:colcon.colcon_core.environment:checking '/home/group1/my_ros_ws/install/dynamixel_python/lib/python3.10/site-packages'
[7.044s] Level 1:colcon.colcon_core.shell:create_environment_hook('dynamixel_python', 'pythonpath')
[7.045s] INFO:colcon.colcon_core.shell:Creating environment hook '/home/group1/my_ros_ws/install/dynamixel_python/share/dynamixel_python/hook/pythonpath.ps1'
[7.047s] INFO:colcon.colcon_core.shell:Creating environment descriptor '/home/group1/my_ros_ws/install/dynamixel_python/share/dynamixel_python/hook/pythonpath.dsv'
[7.049s] INFO:colcon.colcon_core.shell:Creating environment hook '/home/group1/my_ros_ws/install/dynamixel_python/share/dynamixel_python/hook/pythonpath.sh'
[7.052s] Level 1:colcon.colcon_core.environment:checking '/home/group1/my_ros_ws/install/dynamixel_python/bin'
[7.052s] Level 1:colcon.colcon_core.environment:create_environment_scripts_only(dynamixel_python)
[7.053s] INFO:colcon.colcon_core.shell:Creating package script '/home/group1/my_ros_ws/install/dynamixel_python/share/dynamixel_python/package.ps1'
[7.056s] INFO:colcon.colcon_core.shell:Creating package descriptor '/home/group1/my_ros_ws/install/dynamixel_python/share/dynamixel_python/package.dsv'
[7.059s] INFO:colcon.colcon_core.shell:Creating package script '/home/group1/my_ros_ws/install/dynamixel_python/share/dynamixel_python/package.sh'
[7.063s] INFO:colcon.colcon_core.shell:Creating package script '/home/group1/my_ros_ws/install/dynamixel_python/share/dynamixel_python/package.bash'
[7.066s] INFO:colcon.colcon_core.shell:Creating package script '/home/group1/my_ros_ws/install/dynamixel_python/share/dynamixel_python/package.zsh'
[7.069s] Level 1:colcon.colcon_core.environment:create_file_with_runtime_dependencies(/home/group1/my_ros_ws/install/dynamixel_python/share/colcon-core/packages/dynamixel_python)
[8.178s] Level 1:colcon.colcon_core.environment:checking '/home/group1/my_ros_ws/install/motor_ctl' for CMake module files
[8.180s] DEBUG:colcon.colcon_core.event_handler.log_command:Invoked command in '/home/group1/my_ros_ws/src/motor_ctl' returned '0': PYTHONPATH=/home/group1/my_ros_ws/build/motor_ctl/prefix_override:/home/group1/my_ros_ws/install/motor_ctl/lib/python3.10/site-packages:${PYTHONPATH} /usr/bin/python3 -W ignore:setup.py install is deprecated setup.py egg_info --egg-base ../../build/motor_ctl build --build-base /home/group1/my_ros_ws/build/motor_ctl/build install --record /home/group1/my_ros_ws/build/motor_ctl/install.log --single-version-externally-managed install_data
[8.181s] Level 1:colcon.colcon_core.environment:checking '/home/group1/my_ros_ws/install/motor_ctl' for CMake config files
[8.185s] Level 1:colcon.colcon_core.environment:checking '/home/group1/my_ros_ws/install/motor_ctl/lib'
[8.186s] Level 1:colcon.colcon_core.environment:checking '/home/group1/my_ros_ws/install/motor_ctl/bin'
[8.186s] Level 1:colcon.colcon_core.environment:checking '/home/group1/my_ros_ws/install/motor_ctl/lib/pkgconfig/motor_ctl.pc'
[8.187s] Level 1:colcon.colcon_core.environment:checking '/home/group1/my_ros_ws/install/motor_ctl/lib/python3.10/site-packages'
[8.188s] Level 1:colcon.colcon_core.shell:create_environment_hook('motor_ctl', 'pythonpath')
[8.189s] INFO:colcon.colcon_core.shell:Creating environment hook '/home/group1/my_ros_ws/install/motor_ctl/share/motor_ctl/hook/pythonpath.ps1'
[8.191s] INFO:colcon.colcon_core.shell:Creating environment descriptor '/home/group1/my_ros_ws/install/motor_ctl/share/motor_ctl/hook/pythonpath.dsv'
[8.193s] INFO:colcon.colcon_core.shell:Creating environment hook '/home/group1/my_ros_ws/install/motor_ctl/share/motor_ctl/hook/pythonpath.sh'
[8.196s] Level 1:colcon.colcon_core.environment:checking '/home/group1/my_ros_ws/install/motor_ctl/bin'
[8.196s] Level 1:colcon.colcon_core.environment:create_environment_scripts_only(motor_ctl)
[8.198s] INFO:colcon.colcon_core.shell:Creating package script '/home/group1/my_ros_ws/install/motor_ctl/share/motor_ctl/package.ps1'
[8.200s] INFO:colcon.colcon_core.shell:Creating package descriptor '/home/group1/my_ros_ws/install/motor_ctl/share/motor_ctl/package.dsv'
[8.202s] INFO:colcon.colcon_core.shell:Creating package script '/home/group1/my_ros_ws/install/motor_ctl/share/motor_ctl/package.sh'
[8.204s] INFO:colcon.colcon_core.shell:Creating package script '/home/group1/my_ros_ws/install/motor_ctl/share/motor_ctl/package.bash'
[8.206s] INFO:colcon.colcon_core.shell:Creating package script '/home/group1/my_ros_ws/install/motor_ctl/share/motor_ctl/package.zsh'
[8.207s] Level 1:colcon.colcon_core.environment:create_file_with_runtime_dependencies(/home/group1/my_ros_ws/install/motor_ctl/share/colcon-core/packages/motor_ctl)
[8.209s] DEBUG:colcon.colcon_parallel_executor.executor.parallel:closing loop
[8.210s] DEBUG:colcon.colcon_parallel_executor.executor.parallel:loop closed
[8.210s] DEBUG:colcon.colcon_parallel_executor.executor.parallel:run_until_complete finished with '0'
[8.210s] DEBUG:colcon.colcon_core.event_reactor:joining thread
[8.234s] INFO:colcon.colcon_core.plugin_system:Skipping extension 'colcon_notification.desktop_notification.terminal_notifier': Not used on non-Darwin systems
[8.235s] INFO:colcon.colcon_core.plugin_system:Skipping extension 'colcon_notification.desktop_notification.win32': Not used on non-Windows systems
[8.235s] INFO:colcon.colcon_notification.desktop_notification:Sending desktop notification using 'notify2'
[8.290s] DEBUG:colcon.colcon_core.event_reactor:joined thread
[8.291s] INFO:colcon.colcon_core.shell:Creating prefix script '/home/group1/my_ros_ws/install/local_setup.ps1'
[8.295s] INFO:colcon.colcon_core.shell:Creating prefix util module '/home/group1/my_ros_ws/install/_local_setup_util_ps1.py'
[8.301s] INFO:colcon.colcon_core.shell:Creating prefix chain script '/home/group1/my_ros_ws/install/setup.ps1'
[8.306s] INFO:colcon.colcon_core.shell:Creating prefix script '/home/group1/my_ros_ws/install/local_setup.sh'
[8.308s] INFO:colcon.colcon_core.shell:Creating prefix util module '/home/group1/my_ros_ws/install/_local_setup_util_sh.py'
[8.311s] INFO:colcon.colcon_core.shell:Creating prefix chain script '/home/group1/my_ros_ws/install/setup.sh'
[8.315s] INFO:colcon.colcon_core.shell:Creating prefix script '/home/group1/my_ros_ws/install/local_setup.bash'
[8.318s] INFO:colcon.colcon_core.shell:Creating prefix chain script '/home/group1/my_ros_ws/install/setup.bash'
[8.323s] INFO:colcon.colcon_core.shell:Creating prefix script '/home/group1/my_ros_ws/install/local_setup.zsh'
[8.326s] INFO:colcon.colcon_core.shell:Creating prefix chain script '/home/group1/my_ros_ws/install/setup.zsh'
